#
# A fatal error has been detected by the Java Runtime Environment:
#
#  EXCEPTION_ACCESS_VIOLATION (0xc0000005) at pc=0x00007fff34fd0e10, pid=12612, tid=28024
#
# JRE version: Java(TM) SE Runtime Environment 18.9 (11.0.22+9) (build 11.0.22+9-LTS-219)
# Java VM: Java HotSpot(TM) 64-Bit Server VM 18.9 (11.0.22+9-LTS-219, mixed mode, tiered, compressed oops, g1 gc, windows-amd64)
# Problematic frame:
# V  [jvm.dll+0x110e10]
#
# No core dump will be written. Minidumps are not enabled by default on client versions of Windows
#
# If you would like to submit a bug report, please visit:
#   https://bugreport.java.com/bugreport/crash.jsp
#

---------------  S U M M A R Y ------------

Command Line: -Djava.library.path=C:\Users\BOB\.gradle\caches\modules-2\files-2.1\org.usb4java\libusb4java\1.3.0\8cd521a203404d65f4bc59c2a8a38eb4dcd302da --add-modules=javafx.controls,javafx.fxml --module-path=D:\chalanges\MusicAppV2\MusicApp\build\libs\MusicApp-1.0-SNAPSHOT.jar;C:\javafx-sdk-17.0.11\lib\javafx.base.jar;C:\javafx-sdk-17.0.11\lib\javafx.graphics.jar;C:\javafx-sdk-17.0.11\lib\javafx.controls.jar;C:\javafx-sdk-17.0.11\lib\javafx.fxml.jar;C:\Users\BOB\.gradle\caches\modules-2\files-2.1\org.kordamp.ikonli\ikonli-javafx\12.3.1\6df78c8f23f4509f88b8e05c32da64b7dc494356\ikonli-javafx-12.3.1.jar;C:\Users\BOB\.gradle\caches\modules-2\files-2.1\com.mpatric\mp3agic\0.9.1\235fe1d4a3da33a57e23166a2527a23310852c3f\mp3agic-0.9.1.jar;C:\Users\BOB\.gradle\caches\modules-2\files-2.1\org.usb4java\usb4java\1.3.0\2d5487fdf303642d480b199a9da0c5a0d2bb0e82\usb4java-1.3.0.jar;C:\Users\BOB\.gradle\caches\modules-2\files-2.1\org.usb4java\libusb4java\1.3.0\7abf7240bcd7c26cb1ea5265eec5e6d703b71b4e\libusb4java-1.3.0-linux-x86.jar;C:\Users\BOB\.gradle\caches\modules-2\files-2.1\org.usb4java\libusb4java\1.3.0\9514c818fc97f831277873f082dcefd5394045e4\libusb4java-1.3.0-linux-x86-64.jar;C:\Users\BOB\.gradle\caches\modules-2\files-2.1\org.usb4java\libusb4java\1.3.0\9cb97c4b8317d8dae0401f80438fde5bfd910b2c\libusb4java-1.3.0-win32-x86.jar;C:\Users\BOB\.gradle\caches\modules-2\files-2.1\org.usb4java\libusb4java\1.3.0\8cd521a203404d65f4bc59c2a8a38eb4dcd302da\libusb4java-1.3.0-win32-x86-64.jar;C:\Users\BOB\.gradle\caches\modules-2\files-2.1\org.usb4java\libusb4java\1.3.0\1fdaa8ec7cfad158be58fbc8e2867d05f2b5fe63\libusb4java-1.3.0-darwin-x86-64.jar;C:\Users\BOB\.gradle\caches\modules-2\files-2.1\org.usb4java\libusb4java\1.3.0\504de50cc979b1f19b76ba1154d298632ff1be4e\libusb4java-1.3.0-linux-arm.jar;C:\Users\BOB\.gradle\caches\modules-2\files-2.1\org.usb4java\libusb4java\1.3.0\bb5924dfb86c27ca5d91ccc975c11da2caa3c82d\libusb4java-1.3.0-linux-aarch64.jar;C:\Users\BOB\.gradle\caches\modules-2\files-2.1\org.kordamp.ikonli\ikonli-core\12.3.1\50c5658c1a5aeeec30320c6be71274d01f5fb869\ikonli-core-12.3.1.jar;C:\Users\BOB\.gradle\caches\modules-2\files-2.1\org.apache.commons\commons-lang3\3.8.1\6--patch-module=com.example.musicapp=D:\chalanges\MusicAppV2\MusicApp\build\resources\main -Dfile.encoding=windows-1252 -Duser.country=GB -Duser.language=en -Duser.variant -Djdk.module.main=com.example.musicapp com.example.musicapp/com.example.musicapp.App

Host: Intel(R) Core(TM) i7-10700 CPU @ 2.90GHz, 16 cores, 15G,  Windows 11 , 64 bit Build 22621 (10.0.22621.3672)
Time: Mon Jun 24 12:30:03 2024 Jerusalem Summer Time elapsed time: 0.585692 seconds (0d 0h 0m 0s)

---------------  T H R E A D  ---------------

Current thread (0x0000018778412800):  JavaThread "JavaFX Application Thread" [_thread_in_vm, id=28024, stack(0x000000838dd00000,0x000000838de00000)]

Stack: [0x000000838dd00000,0x000000838de00000],  sp=0x000000838ddfc418,  free space=1009k
Native frames: (J=compiled Java code, j=interpreted, Vv=VM code, C=native code)
V  [jvm.dll+0x110e10]

Java frames: (J=compiled Java code, j=interpreted, Vv=VM code)
j  java.lang.ClassLoader$NativeLibrary.load0(Ljava/lang/String;ZZ)Z+0 java.base@11.0.22
j  java.lang.ClassLoader$NativeLibrary.load()Z+56 java.base@11.0.22
j  java.lang.ClassLoader$NativeLibrary.loadLibrary(Ljava/lang/Class;Ljava/lang/String;Z)Z+216 java.base@11.0.22
j  java.lang.ClassLoader.loadLibrary0(Ljava/lang/Class;Ljava/io/File;)Z+46 java.base@11.0.22
j  java.lang.ClassLoader.loadLibrary(Ljava/lang/Class;Ljava/lang/String;Z)V+48 java.base@11.0.22
j  java.lang.Runtime.load0(Ljava/lang/Class;Ljava/lang/String;)V+57 java.base@11.0.22
j  java.lang.System.load(Ljava/lang/String;)V+7 java.base@11.0.22
j  com.example.musicapp.App.start(Ljavafx/stage/Stage;)V+56 com.example.musicapp@1.0-SNAPSHOT
j  com.sun.javafx.application.LauncherImpl.lambda$launchApplication1$9(Ljava/util/concurrent/atomic/AtomicBoolean;Ljavafx/application/Application;)V+20 javafx.graphics
j  com.sun.javafx.application.LauncherImpl$$Lambda$127.run()V+8 javafx.graphics
j  com.sun.javafx.application.PlatformImpl.lambda$runAndWait$12(Ljava/lang/Runnable;Ljava/util/concurrent/CountDownLatch;)V+1 javafx.graphics
j  com.sun.javafx.application.PlatformImpl$$Lambda$115.run()V+8 javafx.graphics
j  com.sun.javafx.application.PlatformImpl.lambda$runLater$10(Ljava/lang/Runnable;)Ljava/lang/Void;+1 javafx.graphics
j  com.sun.javafx.application.PlatformImpl$$Lambda$117.run()Ljava/lang/Object;+4 javafx.graphics
v  ~StubRoutines::call_stub
j  java.security.AccessController.doPrivileged(Ljava/security/PrivilegedAction;Ljava/security/AccessControlContext;)Ljava/lang/Object;+0 java.base@11.0.22
j  com.sun.javafx.application.PlatformImpl.lambda$runLater$11(Ljava/lang/Runnable;Ljava/security/AccessControlContext;)V+7 javafx.graphics
j  com.sun.javafx.application.PlatformImpl$$Lambda$116.run()V+8 javafx.graphics
j  com.sun.glass.ui.InvokeLaterDispatcher$Future.run()V+4 javafx.graphics
v  ~StubRoutines::call_stub
j  com.sun.glass.ui.win.WinApplication._runLoop(Ljava/lang/Runnable;)V+0 javafx.graphics
j  com.sun.glass.ui.win.WinApplication.lambda$runLoop$3(ILjava/lang/Runnable;)V+8 javafx.graphics
j  com.sun.glass.ui.win.WinApplication$$Lambda$105.run()V+12 javafx.graphics
j  java.lang.Thread.run()V+11 java.base@11.0.22
v  ~StubRoutines::call_stub

siginfo: EXCEPTION_ACCESS_VIOLATION (0xc0000005), reading address 0x0000000000000000


Register to memory mapping:

RIP=0x00007fff34fd0e10 jvm.dll
RAX=0x00000187778f1220 points into unknown readable memory: 0x4c284ea00002001d | 1d 00 02 00 a0 4e 28 4c
RBX=0x0000018778664330 points into unknown readable memory: 0x72746ac700020012 | 12 00 02 00 c7 6a 74 72
RCX=0x0 is NULL
RDX=0x00000187778f1220 points into unknown readable memory: 0x4c284ea00002001d | 1d 00 02 00 a0 4e 28 4c
RSP=0x000000838ddfc418 is pointing into the stack for thread: 0x0000018778412800
RBP=0x00007fff4e921f70 libusb4java.dll
RSI=0x0 is NULL
RDI=0x00000187778f1220 points into unknown readable memory: 0x4c284ea00002001d | 1d 00 02 00 a0 4e 28 4c
R8 =0x00007fff4e921f50 libusb4java.dll
R9 =0x000000000000001d is an unknown value
R10=0x0000018778ea0280 points into unknown readable memory: 0x00000000b6f3821e | 1e 82 f3 b6 00 00 00 00
R11=0x0000000000000001 is an unknown value
R12=0x00007fff4e921f70 libusb4java.dll
R13=0x0000018778412800 is a thread
R14=0x0 is NULL
R15=0x00007fff4e921f50 libusb4java.dll


Registers:
RAX=0x00000187778f1220, RBX=0x0000018778664330, RCX=0x0000000000000000, RDX=0x00000187778f1220
RSP=0x000000838ddfc418, RBP=0x00007fff4e921f70, RSI=0x0000000000000000, RDI=0x00000187778f1220
R8 =0x00007fff4e921f50, R9 =0x000000000000001d, R10=0x0000018778ea0280, R11=0x0000000000000001
R12=0x00007fff4e921f70, R13=0x0000018778412800, R14=0x0000000000000000, R15=0x00007fff4e921f50
RIP=0x00007fff34fd0e10, EFLAGS=0x0000000000010246

Top of Stack: (sp=0x000000838ddfc418)
0x000000838ddfc418:   00007fff3529fbb7 0000018778664330
0x000000838ddfc428:   0000000000000000 0000000043a73869
0x000000838ddfc438:   000000838ddfc3e0 000000838ddfc428
0x000000838ddfc448:   0000000800000002 0000018778412801
0x000000838ddfc458:   0000000000000000 b6f3821ea6353d6b
0x000000838ddfc468:   000001877827e580 0000018743a73869
0x000000838ddfc478:   00000187772a9db0 0000000000000000
0x000000838ddfc488:   0000000000000000 0000000000000000
0x000000838ddfc498:   0000000000000000 0000000000000000
0x000000838ddfc4a8:   00007fff355143bc 0000018778412800
0x000000838ddfc4b8:   000000838ddfc468 000000838ddfc4a9
0x000000838ddfc4c8:   0000000800000000 0000018778412800
0x000000838ddfc4d8:   0000000000000000 00000187783c0aa0
0x000000838ddfc4e8:   00000187783c0ae8 00000187783c0b88
0x000000838ddfc4f8:   00000000000000d8 000010a2dbe5b0bf
0x000000838ddfc508:   00007fff355f1e98 0000018778f9a110 

Instructions: (pc=0x00007fff34fd0e10)
0x00007fff34fd0df0:   ff e0 cc cc cc cc cc cc cc cc cc cc cc cc cc cc
0x00007fff34fd0e00:   8b 05 42 22 94 00 c3 cc cc cc cc cc cc cc cc cc
0x00007fff34fd0e10:   48 8b 01 c3 cc cc cc cc cc cc cc cc cc cc cc cc
0x00007fff34fd0e20:   8b 01 85 c0 75 03 33 c0 c3 8b 0d 19 22 94 00 48 


Stack slot to memory mapping:
stack at sp + 0 slots: 0x00007fff3529fbb7 jvm.dll
stack at sp + 1 slots: 0x0000018778664330 points into unknown readable memory: 0x72746ac700020012 | 12 00 02 00 c7 6a 74 72
stack at sp + 2 slots: 0x0 is NULL
stack at sp + 3 slots: 0x0000000043a73869 is an unknown value
stack at sp + 4 slots: 0x000000838ddfc3e0 is pointing into the stack for thread: 0x0000018778412800
stack at sp + 5 slots: 0x000000838ddfc428 is pointing into the stack for thread: 0x0000018778412800
stack at sp + 6 slots: 0x0000000800000002 is an unknown value
stack at sp + 7 slots: 0x0000018778412801 points into unknown readable memory: 6d 7c 35 ff 7f 00 00


---------------  P R O C E S S  ---------------

Threads class SMR info:
_java_thread_list=0x00000187778fbc60, length=23, elements={
0x0000018752fb5000, 0x0000018777049000, 0x0000018777072800, 0x00000187770c3800,
0x00000187770c5800, 0x00000187770c7000, 0x00000187770ca000, 0x00000187770d3000,
0x00000187770da800, 0x000001877718b000, 0x00000187772bb800, 0x0000018777316800,
0x0000018777317800, 0x00000187772af000, 0x00000187775b0000, 0x00000187773bd000,
0x00000187773bd800, 0x00000187772b4000, 0x0000018777df4000, 0x00000187778d9000,
0x0000018778412800, 0x00000187788eb000, 0x0000018779292000
}

Java Threads: ( => current thread )
  0x0000018752fb5000 JavaThread "main" [_thread_blocked, id=14684, stack(0x000000838c100000,0x000000838c200000)]
  0x0000018777049000 JavaThread "Reference Handler" daemon [_thread_blocked, id=8448, stack(0x000000838c800000,0x000000838c900000)]
  0x0000018777072800 JavaThread "Finalizer" daemon [_thread_blocked, id=18936, stack(0x000000838c900000,0x000000838ca00000)]
  0x00000187770c3800 JavaThread "Signal Dispatcher" daemon [_thread_blocked, id=27552, stack(0x000000838ca00000,0x000000838cb00000)]
  0x00000187770c5800 JavaThread "Attach Listener" daemon [_thread_blocked, id=9136, stack(0x000000838cb00000,0x000000838cc00000)]
  0x00000187770c7000 JavaThread "Service Thread" daemon [_thread_blocked, id=15956, stack(0x000000838cc00000,0x000000838cd00000)]
  0x00000187770ca000 JavaThread "C2 CompilerThread0" daemon [_thread_blocked, id=8304, stack(0x000000838cd00000,0x000000838ce00000)]
  0x00000187770d3000 JavaThread "C1 CompilerThread0" daemon [_thread_blocked, id=25756, stack(0x000000838ce00000,0x000000838cf00000)]
  0x00000187770da800 JavaThread "Sweeper thread" daemon [_thread_blocked, id=14048, stack(0x000000838cf00000,0x000000838d000000)]
  0x000001877718b000 JavaThread "Common-Cleaner" daemon [_thread_blocked, id=28968, stack(0x000000838d000000,0x000000838d100000)]
  0x00000187772bb800 JavaThread "C1 CompilerThread1" daemon [_thread_blocked, id=31156, stack(0x000000838d100000,0x000000838d200000)]
  0x0000018777316800 JavaThread "C1 CompilerThread2" daemon [_thread_blocked, id=3416, stack(0x000000838d200000,0x000000838d300000)]
  0x0000018777317800 JavaThread "C1 CompilerThread3" daemon [_thread_blocked, id=8844, stack(0x000000838d300000,0x000000838d400000)]
  0x00000187772af000 JavaThread "C2 CompilerThread1" daemon [_thread_blocked, id=1880, stack(0x000000838d400000,0x000000838d500000)]
  0x00000187775b0000 JavaThread "C2 CompilerThread2" daemon [_thread_blocked, id=3912, stack(0x000000838d500000,0x000000838d600000)]
  0x00000187773bd000 JavaThread "C2 CompilerThread3" daemon [_thread_blocked, id=18308, stack(0x000000838d600000,0x000000838d700000)]
  0x00000187773bd800 JavaThread "C2 CompilerThread4" daemon [_thread_blocked, id=8256, stack(0x000000838d700000,0x000000838d800000)]
  0x00000187772b4000 JavaThread "C2 CompilerThread5" daemon [_thread_blocked, id=22504, stack(0x000000838d800000,0x000000838d900000)]
  0x0000018777df4000 JavaThread "QuantumRenderer-0" daemon [_thread_blocked, id=21700, stack(0x000000838da00000,0x000000838db00000)]
  0x00000187778d9000 JavaThread "InvokeLaterDispatcher" daemon [_thread_blocked, id=12320, stack(0x000000838dc00000,0x000000838dd00000)]
=>0x0000018778412800 JavaThread "JavaFX Application Thread" [_thread_in_vm, id=28024, stack(0x000000838dd00000,0x000000838de00000)]
  0x00000187788eb000 JavaThread "JavaFX-Launcher" [_thread_blocked, id=4972, stack(0x000000838df00000,0x000000838e000000)]
  0x0000018779292000 JavaThread "Thread-2" daemon [_thread_in_native, id=21356, stack(0x000000838de00000,0x000000838df00000)]

Other Threads:
  0x0000018777046000 VMThread "VM Thread" [stack: 0x000000838c700000,0x000000838c800000] [id=28512]
  0x00000187773be800 WatcherThread [stack: 0x000000838d900000,0x000000838da00000] [id=11244]
  0x0000018752fc9800 GCTaskThread "GC Thread#0" [stack: 0x000000838c200000,0x000000838c300000] [id=1092]
  0x000001875302a800 ConcurrentGCThread "G1 Main Marker" [stack: 0x000000838c300000,0x000000838c400000] [id=7176]
  0x000001875302c000 ConcurrentGCThread "G1 Conc#0" [stack: 0x000000838c400000,0x000000838c500000] [id=1872]
  0x000001875307e800 ConcurrentGCThread "G1 Refine#0" [stack: 0x000000838c500000,0x000000838c600000] [id=9856]
  0x00000187766ab800 ConcurrentGCThread "G1 Young RemSet Sampling" [stack: 0x000000838c600000,0x000000838c700000] [id=3376]

Threads with active compile tasks:

VM state:not at safepoint (normal execution)

VM Mutex/Monitor currently owned by a thread: None

Heap address: 0x00000006c1800000, size: 4072 MB, Compressed Oops mode: Zero based, Oop shift amount: 3
Narrow klass base: 0x0000000000000000, Narrow klass shift: 3
Compressed class space size: 1073741824 Address: 0x00000007c0000000

Heap:
 garbage-first heap   total 262144K, used 19456K [0x00000006c1800000, 0x00000007c0000000)
  region size 1024K, 21 young (21504K), 0 survivors (0K)
 Metaspace       used 10729K, capacity 11053K, committed 11392K, reserved 1058816K
  class space    used 1138K, capacity 1282K, committed 1408K, reserved 1048576K
Heap Regions: E=young(eden), S=young(survivor), O=old, HS=humongous(starts), HC=humongous(continues), CS=collection set, F=free, A=archive, TAMS=top-at-mark-start (previous, next)
|   0|0x00000006c1800000, 0x00000006c1800000, 0x00000006c1900000|  0%| F|  |TAMS 0x00000006c1800000, 0x00000006c1800000| Untracked 
|   1|0x00000006c1900000, 0x00000006c1900000, 0x00000006c1a00000|  0%| F|  |TAMS 0x00000006c1900000, 0x00000006c1900000| Untracked 
|   2|0x00000006c1a00000, 0x00000006c1a00000, 0x00000006c1b00000|  0%| F|  |TAMS 0x00000006c1a00000, 0x00000006c1a00000| Untracked 
|   3|0x00000006c1b00000, 0x00000006c1b00000, 0x00000006c1c00000|  0%| F|  |TAMS 0x00000006c1b00000, 0x00000006c1b00000| Untracked 
|   4|0x00000006c1c00000, 0x00000006c1c00000, 0x00000006c1d00000|  0%| F|  |TAMS 0x00000006c1c00000, 0x00000006c1c00000| Untracked 
|   5|0x00000006c1d00000, 0x00000006c1d00000, 0x00000006c1e00000|  0%| F|  |TAMS 0x00000006c1d00000, 0x00000006c1d00000| Untracked 
|   6|0x00000006c1e00000, 0x00000006c1e00000, 0x00000006c1f00000|  0%| F|  |TAMS 0x00000006c1e00000, 0x00000006c1e00000| Untracked 
|   7|0x00000006c1f00000, 0x00000006c1f00000, 0x00000006c2000000|  0%| F|  |TAMS 0x00000006c1f00000, 0x00000006c1f00000| Untracked 
|   8|0x00000006c2000000, 0x00000006c2000000, 0x00000006c2100000|  0%| F|  |TAMS 0x00000006c2000000, 0x00000006c2000000| Untracked 
|   9|0x00000006c2100000, 0x00000006c2100000, 0x00000006c2200000|  0%| F|  |TAMS 0x00000006c2100000, 0x00000006c2100000| Untracked 
|  10|0x00000006c2200000, 0x00000006c2200000, 0x00000006c2300000|  0%| F|  |TAMS 0x00000006c2200000, 0x00000006c2200000| Untracked 
|  11|0x00000006c2300000, 0x00000006c2300000, 0x00000006c2400000|  0%| F|  |TAMS 0x00000006c2300000, 0x00000006c2300000| Untracked 
|  12|0x00000006c2400000, 0x00000006c2400000, 0x00000006c2500000|  0%| F|  |TAMS 0x00000006c2400000, 0x00000006c2400000| Untracked 
|  13|0x00000006c2500000, 0x00000006c2500000, 0x00000006c2600000|  0%| F|  |TAMS 0x00000006c2500000, 0x00000006c2500000| Untracked 
|  14|0x00000006c2600000, 0x00000006c2600000, 0x00000006c2700000|  0%| F|  |TAMS 0x00000006c2600000, 0x00000006c2600000| Untracked 
|  15|0x00000006c2700000, 0x00000006c2700000, 0x00000006c2800000|  0%| F|  |TAMS 0x00000006c2700000, 0x00000006c2700000| Untracked 
|  16|0x00000006c2800000, 0x00000006c2800000, 0x00000006c2900000|  0%| F|  |TAMS 0x00000006c2800000, 0x00000006c2800000| Untracked 
|  17|0x00000006c2900000, 0x00000006c2900000, 0x00000006c2a00000|  0%| F|  |TAMS 0x00000006c2900000, 0x00000006c2900000| Untracked 
|  18|0x00000006c2a00000, 0x00000006c2a00000, 0x00000006c2b00000|  0%| F|  |TAMS 0x00000006c2a00000, 0x00000006c2a00000| Untracked 
|  19|0x00000006c2b00000, 0x00000006c2b00000, 0x00000006c2c00000|  0%| F|  |TAMS 0x00000006c2b00000, 0x00000006c2b00000| Untracked 
|  20|0x00000006c2c00000, 0x00000006c2c00000, 0x00000006c2d00000|  0%| F|  |TAMS 0x00000006c2c00000, 0x00000006c2c00000| Untracked 
|  21|0x00000006c2d00000, 0x00000006c2d00000, 0x00000006c2e00000|  0%| F|  |TAMS 0x00000006c2d00000, 0x00000006c2d00000| Untracked 
|  22|0x00000006c2e00000, 0x00000006c2e00000, 0x00000006c2f00000|  0%| F|  |TAMS 0x00000006c2e00000, 0x00000006c2e00000| Untracked 
|  23|0x00000006c2f00000, 0x00000006c2f00000, 0x00000006c3000000|  0%| F|  |TAMS 0x00000006c2f00000, 0x00000006c2f00000| Untracked 
|  24|0x00000006c3000000, 0x00000006c3000000, 0x00000006c3100000|  0%| F|  |TAMS 0x00000006c3000000, 0x00000006c3000000| Untracked 
|  25|0x00000006c3100000, 0x00000006c3100000, 0x00000006c3200000|  0%| F|  |TAMS 0x00000006c3100000, 0x00000006c3100000| Untracked 
|  26|0x00000006c3200000, 0x00000006c3200000, 0x00000006c3300000|  0%| F|  |TAMS 0x00000006c3200000, 0x00000006c3200000| Untracked 
|  27|0x00000006c3300000, 0x00000006c3300000, 0x00000006c3400000|  0%| F|  |TAMS 0x00000006c3300000, 0x00000006c3300000| Untracked 
|  28|0x00000006c3400000, 0x00000006c3400000, 0x00000006c3500000|  0%| F|  |TAMS 0x00000006c3400000, 0x00000006c3400000| Untracked 
|  29|0x00000006c3500000, 0x00000006c3500000, 0x00000006c3600000|  0%| F|  |TAMS 0x00000006c3500000, 0x00000006c3500000| Untracked 
|  30|0x00000006c3600000, 0x00000006c3600000, 0x00000006c3700000|  0%| F|  |TAMS 0x00000006c3600000, 0x00000006c3600000| Untracked 
|  31|0x00000006c3700000, 0x00000006c3700000, 0x00000006c3800000|  0%| F|  |TAMS 0x00000006c3700000, 0x00000006c3700000| Untracked 
|  32|0x00000006c3800000, 0x00000006c3800000, 0x00000006c3900000|  0%| F|  |TAMS 0x00000006c3800000, 0x00000006c3800000| Untracked 
|  33|0x00000006c3900000, 0x00000006c3900000, 0x00000006c3a00000|  0%| F|  |TAMS 0x00000006c3900000, 0x00000006c3900000| Untracked 
|  34|0x00000006c3a00000, 0x00000006c3a00000, 0x00000006c3b00000|  0%| F|  |TAMS 0x00000006c3a00000, 0x00000006c3a00000| Untracked 
|  35|0x00000006c3b00000, 0x00000006c3b00000, 0x00000006c3c00000|  0%| F|  |TAMS 0x00000006c3b00000, 0x00000006c3b00000| Untracked 
|  36|0x00000006c3c00000, 0x00000006c3c00000, 0x00000006c3d00000|  0%| F|  |TAMS 0x00000006c3c00000, 0x00000006c3c00000| Untracked 
|  37|0x00000006c3d00000, 0x00000006c3d00000, 0x00000006c3e00000|  0%| F|  |TAMS 0x00000006c3d00000, 0x00000006c3d00000| Untracked 
|  38|0x00000006c3e00000, 0x00000006c3e00000, 0x00000006c3f00000|  0%| F|  |TAMS 0x00000006c3e00000, 0x00000006c3e00000| Untracked 
|  39|0x00000006c3f00000, 0x00000006c3f00000, 0x00000006c4000000|  0%| F|  |TAMS 0x00000006c3f00000, 0x00000006c3f00000| Untracked 
|  40|0x00000006c4000000, 0x00000006c4000000, 0x00000006c4100000|  0%| F|  |TAMS 0x00000006c4000000, 0x00000006c4000000| Untracked 
|  41|0x00000006c4100000, 0x00000006c4100000, 0x00000006c4200000|  0%| F|  |TAMS 0x00000006c4100000, 0x00000006c4100000| Untracked 
|  42|0x00000006c4200000, 0x00000006c4200000, 0x00000006c4300000|  0%| F|  |TAMS 0x00000006c4200000, 0x00000006c4200000| Untracked 
|  43|0x00000006c4300000, 0x00000006c4300000, 0x00000006c4400000|  0%| F|  |TAMS 0x00000006c4300000, 0x00000006c4300000| Untracked 
|  44|0x00000006c4400000, 0x00000006c4400000, 0x00000006c4500000|  0%| F|  |TAMS 0x00000006c4400000, 0x00000006c4400000| Untracked 
|  45|0x00000006c4500000, 0x00000006c4500000, 0x00000006c4600000|  0%| F|  |TAMS 0x00000006c4500000, 0x00000006c4500000| Untracked 
|  46|0x00000006c4600000, 0x00000006c4600000, 0x00000006c4700000|  0%| F|  |TAMS 0x00000006c4600000, 0x00000006c4600000| Untracked 
|  47|0x00000006c4700000, 0x00000006c4700000, 0x00000006c4800000|  0%| F|  |TAMS 0x00000006c4700000, 0x00000006c4700000| Untracked 
|  48|0x00000006c4800000, 0x00000006c4800000, 0x00000006c4900000|  0%| F|  |TAMS 0x00000006c4800000, 0x00000006c4800000| Untracked 
|  49|0x00000006c4900000, 0x00000006c4900000, 0x00000006c4a00000|  0%| F|  |TAMS 0x00000006c4900000, 0x00000006c4900000| Untracked 
|  50|0x00000006c4a00000, 0x00000006c4a00000, 0x00000006c4b00000|  0%| F|  |TAMS 0x00000006c4a00000, 0x00000006c4a00000| Untracked 
|  51|0x00000006c4b00000, 0x00000006c4b00000, 0x00000006c4c00000|  0%| F|  |TAMS 0x00000006c4b00000, 0x00000006c4b00000| Untracked 
|  52|0x00000006c4c00000, 0x00000006c4c00000, 0x00000006c4d00000|  0%| F|  |TAMS 0x00000006c4c00000, 0x00000006c4c00000| Untracked 
|  53|0x00000006c4d00000, 0x00000006c4d00000, 0x00000006c4e00000|  0%| F|  |TAMS 0x00000006c4d00000, 0x00000006c4d00000| Untracked 
|  54|0x00000006c4e00000, 0x00000006c4e00000, 0x00000006c4f00000|  0%| F|  |TAMS 0x00000006c4e00000, 0x00000006c4e00000| Untracked 
|  55|0x00000006c4f00000, 0x00000006c4f00000, 0x00000006c5000000|  0%| F|  |TAMS 0x00000006c4f00000, 0x00000006c4f00000| Untracked 
|  56|0x00000006c5000000, 0x00000006c5000000, 0x00000006c5100000|  0%| F|  |TAMS 0x00000006c5000000, 0x00000006c5000000| Untracked 
|  57|0x00000006c5100000, 0x00000006c5100000, 0x00000006c5200000|  0%| F|  |TAMS 0x00000006c5100000, 0x00000006c5100000| Untracked 
|  58|0x00000006c5200000, 0x00000006c5200000, 0x00000006c5300000|  0%| F|  |TAMS 0x00000006c5200000, 0x00000006c5200000| Untracked 
|  59|0x00000006c5300000, 0x00000006c5300000, 0x00000006c5400000|  0%| F|  |TAMS 0x00000006c5300000, 0x00000006c5300000| Untracked 
|  60|0x00000006c5400000, 0x00000006c5400000, 0x00000006c5500000|  0%| F|  |TAMS 0x00000006c5400000, 0x00000006c5400000| Untracked 
|  61|0x00000006c5500000, 0x00000006c5500000, 0x00000006c5600000|  0%| F|  |TAMS 0x00000006c5500000, 0x00000006c5500000| Untracked 
|  62|0x00000006c5600000, 0x00000006c5600000, 0x00000006c5700000|  0%| F|  |TAMS 0x00000006c5600000, 0x00000006c5600000| Untracked 
|  63|0x00000006c5700000, 0x00000006c5700000, 0x00000006c5800000|  0%| F|  |TAMS 0x00000006c5700000, 0x00000006c5700000| Untracked 
|  64|0x00000006c5800000, 0x00000006c5800000, 0x00000006c5900000|  0%| F|  |TAMS 0x00000006c5800000, 0x00000006c5800000| Untracked 
|  65|0x00000006c5900000, 0x00000006c5900000, 0x00000006c5a00000|  0%| F|  |TAMS 0x00000006c5900000, 0x00000006c5900000| Untracked 
|  66|0x00000006c5a00000, 0x00000006c5a00000, 0x00000006c5b00000|  0%| F|  |TAMS 0x00000006c5a00000, 0x00000006c5a00000| Untracked 
|  67|0x00000006c5b00000, 0x00000006c5b00000, 0x00000006c5c00000|  0%| F|  |TAMS 0x00000006c5b00000, 0x00000006c5b00000| Untracked 
|  68|0x00000006c5c00000, 0x00000006c5c00000, 0x00000006c5d00000|  0%| F|  |TAMS 0x00000006c5c00000, 0x00000006c5c00000| Untracked 
|  69|0x00000006c5d00000, 0x00000006c5d00000, 0x00000006c5e00000|  0%| F|  |TAMS 0x00000006c5d00000, 0x00000006c5d00000| Untracked 
|  70|0x00000006c5e00000, 0x00000006c5e00000, 0x00000006c5f00000|  0%| F|  |TAMS 0x00000006c5e00000, 0x00000006c5e00000| Untracked 
|  71|0x00000006c5f00000, 0x00000006c5f00000, 0x00000006c6000000|  0%| F|  |TAMS 0x00000006c5f00000, 0x00000006c5f00000| Untracked 
|  72|0x00000006c6000000, 0x00000006c6000000, 0x00000006c6100000|  0%| F|  |TAMS 0x00000006c6000000, 0x00000006c6000000| Untracked 
|  73|0x00000006c6100000, 0x00000006c6100000, 0x00000006c6200000|  0%| F|  |TAMS 0x00000006c6100000, 0x00000006c6100000| Untracked 
|  74|0x00000006c6200000, 0x00000006c6200000, 0x00000006c6300000|  0%| F|  |TAMS 0x00000006c6200000, 0x00000006c6200000| Untracked 
|  75|0x00000006c6300000, 0x00000006c6300000, 0x00000006c6400000|  0%| F|  |TAMS 0x00000006c6300000, 0x00000006c6300000| Untracked 
|  76|0x00000006c6400000, 0x00000006c6400000, 0x00000006c6500000|  0%| F|  |TAMS 0x00000006c6400000, 0x00000006c6400000| Untracked 
|  77|0x00000006c6500000, 0x00000006c6500000, 0x00000006c6600000|  0%| F|  |TAMS 0x00000006c6500000, 0x00000006c6500000| Untracked 
|  78|0x00000006c6600000, 0x00000006c6600000, 0x00000006c6700000|  0%| F|  |TAMS 0x00000006c6600000, 0x00000006c6600000| Untracked 
|  79|0x00000006c6700000, 0x00000006c6700000, 0x00000006c6800000|  0%| F|  |TAMS 0x00000006c6700000, 0x00000006c6700000| Untracked 
|  80|0x00000006c6800000, 0x00000006c6800000, 0x00000006c6900000|  0%| F|  |TAMS 0x00000006c6800000, 0x00000006c6800000| Untracked 
|  81|0x00000006c6900000, 0x00000006c6900000, 0x00000006c6a00000|  0%| F|  |TAMS 0x00000006c6900000, 0x00000006c6900000| Untracked 
|  82|0x00000006c6a00000, 0x00000006c6a00000, 0x00000006c6b00000|  0%| F|  |TAMS 0x00000006c6a00000, 0x00000006c6a00000| Untracked 
|  83|0x00000006c6b00000, 0x00000006c6b00000, 0x00000006c6c00000|  0%| F|  |TAMS 0x00000006c6b00000, 0x00000006c6b00000| Untracked 
|  84|0x00000006c6c00000, 0x00000006c6c00000, 0x00000006c6d00000|  0%| F|  |TAMS 0x00000006c6c00000, 0x00000006c6c00000| Untracked 
|  85|0x00000006c6d00000, 0x00000006c6d00000, 0x00000006c6e00000|  0%| F|  |TAMS 0x00000006c6d00000, 0x00000006c6d00000| Untracked 
|  86|0x00000006c6e00000, 0x00000006c6e00000, 0x00000006c6f00000|  0%| F|  |TAMS 0x00000006c6e00000, 0x00000006c6e00000| Untracked 
|  87|0x00000006c6f00000, 0x00000006c6f00000, 0x00000006c7000000|  0%| F|  |TAMS 0x00000006c6f00000, 0x00000006c6f00000| Untracked 
|  88|0x00000006c7000000, 0x00000006c7000000, 0x00000006c7100000|  0%| F|  |TAMS 0x00000006c7000000, 0x00000006c7000000| Untracked 
|  89|0x00000006c7100000, 0x00000006c7100000, 0x00000006c7200000|  0%| F|  |TAMS 0x00000006c7100000, 0x00000006c7100000| Untracked 
|  90|0x00000006c7200000, 0x00000006c7200000, 0x00000006c7300000|  0%| F|  |TAMS 0x00000006c7200000, 0x00000006c7200000| Untracked 
|  91|0x00000006c7300000, 0x00000006c7300000, 0x00000006c7400000|  0%| F|  |TAMS 0x00000006c7300000, 0x00000006c7300000| Untracked 
|  92|0x00000006c7400000, 0x00000006c7400000, 0x00000006c7500000|  0%| F|  |TAMS 0x00000006c7400000, 0x00000006c7400000| Untracked 
|  93|0x00000006c7500000, 0x00000006c7500000, 0x00000006c7600000|  0%| F|  |TAMS 0x00000006c7500000, 0x00000006c7500000| Untracked 
|  94|0x00000006c7600000, 0x00000006c7600000, 0x00000006c7700000|  0%| F|  |TAMS 0x00000006c7600000, 0x00000006c7600000| Untracked 
|  95|0x00000006c7700000, 0x00000006c7700000, 0x00000006c7800000|  0%| F|  |TAMS 0x00000006c7700000, 0x00000006c7700000| Untracked 
|  96|0x00000006c7800000, 0x00000006c7800000, 0x00000006c7900000|  0%| F|  |TAMS 0x00000006c7800000, 0x00000006c7800000| Untracked 
|  97|0x00000006c7900000, 0x00000006c7900000, 0x00000006c7a00000|  0%| F|  |TAMS 0x00000006c7900000, 0x00000006c7900000| Untracked 
|  98|0x00000006c7a00000, 0x00000006c7a00000, 0x00000006c7b00000|  0%| F|  |TAMS 0x00000006c7a00000, 0x00000006c7a00000| Untracked 
|  99|0x00000006c7b00000, 0x00000006c7b00000, 0x00000006c7c00000|  0%| F|  |TAMS 0x00000006c7b00000, 0x00000006c7b00000| Untracked 
| 100|0x00000006c7c00000, 0x00000006c7c00000, 0x00000006c7d00000|  0%| F|  |TAMS 0x00000006c7c00000, 0x00000006c7c00000| Untracked 
| 101|0x00000006c7d00000, 0x00000006c7d00000, 0x00000006c7e00000|  0%| F|  |TAMS 0x00000006c7d00000, 0x00000006c7d00000| Untracked 
| 102|0x00000006c7e00000, 0x00000006c7e00000, 0x00000006c7f00000|  0%| F|  |TAMS 0x00000006c7e00000, 0x00000006c7e00000| Untracked 
| 103|0x00000006c7f00000, 0x00000006c7f00000, 0x00000006c8000000|  0%| F|  |TAMS 0x00000006c7f00000, 0x00000006c7f00000| Untracked 
| 104|0x00000006c8000000, 0x00000006c8000000, 0x00000006c8100000|  0%| F|  |TAMS 0x00000006c8000000, 0x00000006c8000000| Untracked 
| 105|0x00000006c8100000, 0x00000006c8100000, 0x00000006c8200000|  0%| F|  |TAMS 0x00000006c8100000, 0x00000006c8100000| Untracked 
| 106|0x00000006c8200000, 0x00000006c8200000, 0x00000006c8300000|  0%| F|  |TAMS 0x00000006c8200000, 0x00000006c8200000| Untracked 
| 107|0x00000006c8300000, 0x00000006c8300000, 0x00000006c8400000|  0%| F|  |TAMS 0x00000006c8300000, 0x00000006c8300000| Untracked 
| 108|0x00000006c8400000, 0x00000006c8400000, 0x00000006c8500000|  0%| F|  |TAMS 0x00000006c8400000, 0x00000006c8400000| Untracked 
| 109|0x00000006c8500000, 0x00000006c8500000, 0x00000006c8600000|  0%| F|  |TAMS 0x00000006c8500000, 0x00000006c8500000| Untracked 
| 110|0x00000006c8600000, 0x00000006c8600000, 0x00000006c8700000|  0%| F|  |TAMS 0x00000006c8600000, 0x00000006c8600000| Untracked 
| 111|0x00000006c8700000, 0x00000006c8700000, 0x00000006c8800000|  0%| F|  |TAMS 0x00000006c8700000, 0x00000006c8700000| Untracked 
| 112|0x00000006c8800000, 0x00000006c8800000, 0x00000006c8900000|  0%| F|  |TAMS 0x00000006c8800000, 0x00000006c8800000| Untracked 
| 113|0x00000006c8900000, 0x00000006c8900000, 0x00000006c8a00000|  0%| F|  |TAMS 0x00000006c8900000, 0x00000006c8900000| Untracked 
| 114|0x00000006c8a00000, 0x00000006c8a00000, 0x00000006c8b00000|  0%| F|  |TAMS 0x00000006c8a00000, 0x00000006c8a00000| Untracked 
| 115|0x00000006c8b00000, 0x00000006c8b00000, 0x00000006c8c00000|  0%| F|  |TAMS 0x00000006c8b00000, 0x00000006c8b00000| Untracked 
| 116|0x00000006c8c00000, 0x00000006c8c00000, 0x00000006c8d00000|  0%| F|  |TAMS 0x00000006c8c00000, 0x00000006c8c00000| Untracked 
| 117|0x00000006c8d00000, 0x00000006c8d00000, 0x00000006c8e00000|  0%| F|  |TAMS 0x00000006c8d00000, 0x00000006c8d00000| Untracked 
| 118|0x00000006c8e00000, 0x00000006c8e00000, 0x00000006c8f00000|  0%| F|  |TAMS 0x00000006c8e00000, 0x00000006c8e00000| Untracked 
| 119|0x00000006c8f00000, 0x00000006c8f00000, 0x00000006c9000000|  0%| F|  |TAMS 0x00000006c8f00000, 0x00000006c8f00000| Untracked 
| 120|0x00000006c9000000, 0x00000006c9000000, 0x00000006c9100000|  0%| F|  |TAMS 0x00000006c9000000, 0x00000006c9000000| Untracked 
| 121|0x00000006c9100000, 0x00000006c9100000, 0x00000006c9200000|  0%| F|  |TAMS 0x00000006c9100000, 0x00000006c9100000| Untracked 
| 122|0x00000006c9200000, 0x00000006c9200000, 0x00000006c9300000|  0%| F|  |TAMS 0x00000006c9200000, 0x00000006c9200000| Untracked 
| 123|0x00000006c9300000, 0x00000006c9300000, 0x00000006c9400000|  0%| F|  |TAMS 0x00000006c9300000, 0x00000006c9300000| Untracked 
| 124|0x00000006c9400000, 0x00000006c9400000, 0x00000006c9500000|  0%| F|  |TAMS 0x00000006c9400000, 0x00000006c9400000| Untracked 
| 125|0x00000006c9500000, 0x00000006c9500000, 0x00000006c9600000|  0%| F|  |TAMS 0x00000006c9500000, 0x00000006c9500000| Untracked 
| 126|0x00000006c9600000, 0x00000006c9600000, 0x00000006c9700000|  0%| F|  |TAMS 0x00000006c9600000, 0x00000006c9600000| Untracked 
| 127|0x00000006c9700000, 0x00000006c9700000, 0x00000006c9800000|  0%| F|  |TAMS 0x00000006c9700000, 0x00000006c9700000| Untracked 
| 128|0x00000006c9800000, 0x00000006c9800000, 0x00000006c9900000|  0%| F|  |TAMS 0x00000006c9800000, 0x00000006c9800000| Untracked 
| 129|0x00000006c9900000, 0x00000006c9900000, 0x00000006c9a00000|  0%| F|  |TAMS 0x00000006c9900000, 0x00000006c9900000| Untracked 
| 130|0x00000006c9a00000, 0x00000006c9a00000, 0x00000006c9b00000|  0%| F|  |TAMS 0x00000006c9a00000, 0x00000006c9a00000| Untracked 
| 131|0x00000006c9b00000, 0x00000006c9b00000, 0x00000006c9c00000|  0%| F|  |TAMS 0x00000006c9b00000, 0x00000006c9b00000| Untracked 
| 132|0x00000006c9c00000, 0x00000006c9c00000, 0x00000006c9d00000|  0%| F|  |TAMS 0x00000006c9c00000, 0x00000006c9c00000| Untracked 
| 133|0x00000006c9d00000, 0x00000006c9d00000, 0x00000006c9e00000|  0%| F|  |TAMS 0x00000006c9d00000, 0x00000006c9d00000| Untracked 
| 134|0x00000006c9e00000, 0x00000006c9e00000, 0x00000006c9f00000|  0%| F|  |TAMS 0x00000006c9e00000, 0x00000006c9e00000| Untracked 
| 135|0x00000006c9f00000, 0x00000006c9f00000, 0x00000006ca000000|  0%| F|  |TAMS 0x00000006c9f00000, 0x00000006c9f00000| Untracked 
| 136|0x00000006ca000000, 0x00000006ca000000, 0x00000006ca100000|  0%| F|  |TAMS 0x00000006ca000000, 0x00000006ca000000| Untracked 
| 137|0x00000006ca100000, 0x00000006ca100000, 0x00000006ca200000|  0%| F|  |TAMS 0x00000006ca100000, 0x00000006ca100000| Untracked 
| 138|0x00000006ca200000, 0x00000006ca200000, 0x00000006ca300000|  0%| F|  |TAMS 0x00000006ca200000, 0x00000006ca200000| Untracked 
| 139|0x00000006ca300000, 0x00000006ca300000, 0x00000006ca400000|  0%| F|  |TAMS 0x00000006ca300000, 0x00000006ca300000| Untracked 
| 140|0x00000006ca400000, 0x00000006ca400000, 0x00000006ca500000|  0%| F|  |TAMS 0x00000006ca400000, 0x00000006ca400000| Untracked 
| 141|0x00000006ca500000, 0x00000006ca500000, 0x00000006ca600000|  0%| F|  |TAMS 0x00000006ca500000, 0x00000006ca500000| Untracked 
| 142|0x00000006ca600000, 0x00000006ca600000, 0x00000006ca700000|  0%| F|  |TAMS 0x00000006ca600000, 0x00000006ca600000| Untracked 
| 143|0x00000006ca700000, 0x00000006ca700000, 0x00000006ca800000|  0%| F|  |TAMS 0x00000006ca700000, 0x00000006ca700000| Untracked 
| 144|0x00000006ca800000, 0x00000006ca800000, 0x00000006ca900000|  0%| F|  |TAMS 0x00000006ca800000, 0x00000006ca800000| Untracked 
| 145|0x00000006ca900000, 0x00000006ca900000, 0x00000006caa00000|  0%| F|  |TAMS 0x00000006ca900000, 0x00000006ca900000| Untracked 
| 146|0x00000006caa00000, 0x00000006caa00000, 0x00000006cab00000|  0%| F|  |TAMS 0x00000006caa00000, 0x00000006caa00000| Untracked 
| 147|0x00000006cab00000, 0x00000006cab00000, 0x00000006cac00000|  0%| F|  |TAMS 0x00000006cab00000, 0x00000006cab00000| Untracked 
| 148|0x00000006cac00000, 0x00000006cac00000, 0x00000006cad00000|  0%| F|  |TAMS 0x00000006cac00000, 0x00000006cac00000| Untracked 
| 149|0x00000006cad00000, 0x00000006cad00000, 0x00000006cae00000|  0%| F|  |TAMS 0x00000006cad00000, 0x00000006cad00000| Untracked 
| 150|0x00000006cae00000, 0x00000006cae00000, 0x00000006caf00000|  0%| F|  |TAMS 0x00000006cae00000, 0x00000006cae00000| Untracked 
| 151|0x00000006caf00000, 0x00000006caf00000, 0x00000006cb000000|  0%| F|  |TAMS 0x00000006caf00000, 0x00000006caf00000| Untracked 
| 152|0x00000006cb000000, 0x00000006cb000000, 0x00000006cb100000|  0%| F|  |TAMS 0x00000006cb000000, 0x00000006cb000000| Untracked 
| 153|0x00000006cb100000, 0x00000006cb100000, 0x00000006cb200000|  0%| F|  |TAMS 0x00000006cb100000, 0x00000006cb100000| Untracked 
| 154|0x00000006cb200000, 0x00000006cb200000, 0x00000006cb300000|  0%| F|  |TAMS 0x00000006cb200000, 0x00000006cb200000| Untracked 
| 155|0x00000006cb300000, 0x00000006cb300000, 0x00000006cb400000|  0%| F|  |TAMS 0x00000006cb300000, 0x00000006cb300000| Untracked 
| 156|0x00000006cb400000, 0x00000006cb400000, 0x00000006cb500000|  0%| F|  |TAMS 0x00000006cb400000, 0x00000006cb400000| Untracked 
| 157|0x00000006cb500000, 0x00000006cb500000, 0x00000006cb600000|  0%| F|  |TAMS 0x00000006cb500000, 0x00000006cb500000| Untracked 
| 158|0x00000006cb600000, 0x00000006cb600000, 0x00000006cb700000|  0%| F|  |TAMS 0x00000006cb600000, 0x00000006cb600000| Untracked 
| 159|0x00000006cb700000, 0x00000006cb700000, 0x00000006cb800000|  0%| F|  |TAMS 0x00000006cb700000, 0x00000006cb700000| Untracked 
| 160|0x00000006cb800000, 0x00000006cb800000, 0x00000006cb900000|  0%| F|  |TAMS 0x00000006cb800000, 0x00000006cb800000| Untracked 
| 161|0x00000006cb900000, 0x00000006cb900000, 0x00000006cba00000|  0%| F|  |TAMS 0x00000006cb900000, 0x00000006cb900000| Untracked 
| 162|0x00000006cba00000, 0x00000006cba00000, 0x00000006cbb00000|  0%| F|  |TAMS 0x00000006cba00000, 0x00000006cba00000| Untracked 
| 163|0x00000006cbb00000, 0x00000006cbb00000, 0x00000006cbc00000|  0%| F|  |TAMS 0x00000006cbb00000, 0x00000006cbb00000| Untracked 
| 164|0x00000006cbc00000, 0x00000006cbc00000, 0x00000006cbd00000|  0%| F|  |TAMS 0x00000006cbc00000, 0x00000006cbc00000| Untracked 
| 165|0x00000006cbd00000, 0x00000006cbd00000, 0x00000006cbe00000|  0%| F|  |TAMS 0x00000006cbd00000, 0x00000006cbd00000| Untracked 
| 166|0x00000006cbe00000, 0x00000006cbe00000, 0x00000006cbf00000|  0%| F|  |TAMS 0x00000006cbe00000, 0x00000006cbe00000| Untracked 
| 167|0x00000006cbf00000, 0x00000006cbf00000, 0x00000006cc000000|  0%| F|  |TAMS 0x00000006cbf00000, 0x00000006cbf00000| Untracked 
| 168|0x00000006cc000000, 0x00000006cc000000, 0x00000006cc100000|  0%| F|  |TAMS 0x00000006cc000000, 0x00000006cc000000| Untracked 
| 169|0x00000006cc100000, 0x00000006cc100000, 0x00000006cc200000|  0%| F|  |TAMS 0x00000006cc100000, 0x00000006cc100000| Untracked 
| 170|0x00000006cc200000, 0x00000006cc200000, 0x00000006cc300000|  0%| F|  |TAMS 0x00000006cc200000, 0x00000006cc200000| Untracked 
| 171|0x00000006cc300000, 0x00000006cc300000, 0x00000006cc400000|  0%| F|  |TAMS 0x00000006cc300000, 0x00000006cc300000| Untracked 
| 172|0x00000006cc400000, 0x00000006cc400000, 0x00000006cc500000|  0%| F|  |TAMS 0x00000006cc400000, 0x00000006cc400000| Untracked 
| 173|0x00000006cc500000, 0x00000006cc500000, 0x00000006cc600000|  0%| F|  |TAMS 0x00000006cc500000, 0x00000006cc500000| Untracked 
| 174|0x00000006cc600000, 0x00000006cc600000, 0x00000006cc700000|  0%| F|  |TAMS 0x00000006cc600000, 0x00000006cc600000| Untracked 
| 175|0x00000006cc700000, 0x00000006cc700000, 0x00000006cc800000|  0%| F|  |TAMS 0x00000006cc700000, 0x00000006cc700000| Untracked 
| 176|0x00000006cc800000, 0x00000006cc800000, 0x00000006cc900000|  0%| F|  |TAMS 0x00000006cc800000, 0x00000006cc800000| Untracked 
| 177|0x00000006cc900000, 0x00000006cc900000, 0x00000006cca00000|  0%| F|  |TAMS 0x00000006cc900000, 0x00000006cc900000| Untracked 
| 178|0x00000006cca00000, 0x00000006cca00000, 0x00000006ccb00000|  0%| F|  |TAMS 0x00000006cca00000, 0x00000006cca00000| Untracked 
| 179|0x00000006ccb00000, 0x00000006ccb00000, 0x00000006ccc00000|  0%| F|  |TAMS 0x00000006ccb00000, 0x00000006ccb00000| Untracked 
| 180|0x00000006ccc00000, 0x00000006ccc00000, 0x00000006ccd00000|  0%| F|  |TAMS 0x00000006ccc00000, 0x00000006ccc00000| Untracked 
| 181|0x00000006ccd00000, 0x00000006ccd00000, 0x00000006cce00000|  0%| F|  |TAMS 0x00000006ccd00000, 0x00000006ccd00000| Untracked 
| 182|0x00000006cce00000, 0x00000006cce00000, 0x00000006ccf00000|  0%| F|  |TAMS 0x00000006cce00000, 0x00000006cce00000| Untracked 
| 183|0x00000006ccf00000, 0x00000006ccf00000, 0x00000006cd000000|  0%| F|  |TAMS 0x00000006ccf00000, 0x00000006ccf00000| Untracked 
| 184|0x00000006cd000000, 0x00000006cd000000, 0x00000006cd100000|  0%| F|  |TAMS 0x00000006cd000000, 0x00000006cd000000| Untracked 
| 185|0x00000006cd100000, 0x00000006cd100000, 0x00000006cd200000|  0%| F|  |TAMS 0x00000006cd100000, 0x00000006cd100000| Untracked 
| 186|0x00000006cd200000, 0x00000006cd200000, 0x00000006cd300000|  0%| F|  |TAMS 0x00000006cd200000, 0x00000006cd200000| Untracked 
| 187|0x00000006cd300000, 0x00000006cd300000, 0x00000006cd400000|  0%| F|  |TAMS 0x00000006cd300000, 0x00000006cd300000| Untracked 
| 188|0x00000006cd400000, 0x00000006cd400000, 0x00000006cd500000|  0%| F|  |TAMS 0x00000006cd400000, 0x00000006cd400000| Untracked 
| 189|0x00000006cd500000, 0x00000006cd500000, 0x00000006cd600000|  0%| F|  |TAMS 0x00000006cd500000, 0x00000006cd500000| Untracked 
| 190|0x00000006cd600000, 0x00000006cd600000, 0x00000006cd700000|  0%| F|  |TAMS 0x00000006cd600000, 0x00000006cd600000| Untracked 
| 191|0x00000006cd700000, 0x00000006cd700000, 0x00000006cd800000|  0%| F|  |TAMS 0x00000006cd700000, 0x00000006cd700000| Untracked 
| 192|0x00000006cd800000, 0x00000006cd800000, 0x00000006cd900000|  0%| F|  |TAMS 0x00000006cd800000, 0x00000006cd800000| Untracked 
| 193|0x00000006cd900000, 0x00000006cd900000, 0x00000006cda00000|  0%| F|  |TAMS 0x00000006cd900000, 0x00000006cd900000| Untracked 
| 194|0x00000006cda00000, 0x00000006cda00000, 0x00000006cdb00000|  0%| F|  |TAMS 0x00000006cda00000, 0x00000006cda00000| Untracked 
| 195|0x00000006cdb00000, 0x00000006cdb00000, 0x00000006cdc00000|  0%| F|  |TAMS 0x00000006cdb00000, 0x00000006cdb00000| Untracked 
| 196|0x00000006cdc00000, 0x00000006cdc00000, 0x00000006cdd00000|  0%| F|  |TAMS 0x00000006cdc00000, 0x00000006cdc00000| Untracked 
| 197|0x00000006cdd00000, 0x00000006cdd00000, 0x00000006cde00000|  0%| F|  |TAMS 0x00000006cdd00000, 0x00000006cdd00000| Untracked 
| 198|0x00000006cde00000, 0x00000006cde00000, 0x00000006cdf00000|  0%| F|  |TAMS 0x00000006cde00000, 0x00000006cde00000| Untracked 
| 199|0x00000006cdf00000, 0x00000006cdf00000, 0x00000006ce000000|  0%| F|  |TAMS 0x00000006cdf00000, 0x00000006cdf00000| Untracked 
| 200|0x00000006ce000000, 0x00000006ce000000, 0x00000006ce100000|  0%| F|  |TAMS 0x00000006ce000000, 0x00000006ce000000| Untracked 
| 201|0x00000006ce100000, 0x00000006ce100000, 0x00000006ce200000|  0%| F|  |TAMS 0x00000006ce100000, 0x00000006ce100000| Untracked 
| 202|0x00000006ce200000, 0x00000006ce200000, 0x00000006ce300000|  0%| F|  |TAMS 0x00000006ce200000, 0x00000006ce200000| Untracked 
| 203|0x00000006ce300000, 0x00000006ce300000, 0x00000006ce400000|  0%| F|  |TAMS 0x00000006ce300000, 0x00000006ce300000| Untracked 
| 204|0x00000006ce400000, 0x00000006ce400000, 0x00000006ce500000|  0%| F|  |TAMS 0x00000006ce400000, 0x00000006ce400000| Untracked 
| 205|0x00000006ce500000, 0x00000006ce500000, 0x00000006ce600000|  0%| F|  |TAMS 0x00000006ce500000, 0x00000006ce500000| Untracked 
| 206|0x00000006ce600000, 0x00000006ce600000, 0x00000006ce700000|  0%| F|  |TAMS 0x00000006ce600000, 0x00000006ce600000| Untracked 
| 207|0x00000006ce700000, 0x00000006ce700000, 0x00000006ce800000|  0%| F|  |TAMS 0x00000006ce700000, 0x00000006ce700000| Untracked 
| 208|0x00000006ce800000, 0x00000006ce800000, 0x00000006ce900000|  0%| F|  |TAMS 0x00000006ce800000, 0x00000006ce800000| Untracked 
| 209|0x00000006ce900000, 0x00000006ce900000, 0x00000006cea00000|  0%| F|  |TAMS 0x00000006ce900000, 0x00000006ce900000| Untracked 
| 210|0x00000006cea00000, 0x00000006cea00000, 0x00000006ceb00000|  0%| F|  |TAMS 0x00000006cea00000, 0x00000006cea00000| Untracked 
| 211|0x00000006ceb00000, 0x00000006ceb00000, 0x00000006cec00000|  0%| F|  |TAMS 0x00000006ceb00000, 0x00000006ceb00000| Untracked 
| 212|0x00000006cec00000, 0x00000006cec00000, 0x00000006ced00000|  0%| F|  |TAMS 0x00000006cec00000, 0x00000006cec00000| Untracked 
| 213|0x00000006ced00000, 0x00000006ced00000, 0x00000006cee00000|  0%| F|  |TAMS 0x00000006ced00000, 0x00000006ced00000| Untracked 
| 214|0x00000006cee00000, 0x00000006cee00000, 0x00000006cef00000|  0%| F|  |TAMS 0x00000006cee00000, 0x00000006cee00000| Untracked 
| 215|0x00000006cef00000, 0x00000006cef00000, 0x00000006cf000000|  0%| F|  |TAMS 0x00000006cef00000, 0x00000006cef00000| Untracked 
| 216|0x00000006cf000000, 0x00000006cf000000, 0x00000006cf100000|  0%| F|  |TAMS 0x00000006cf000000, 0x00000006cf000000| Untracked 
| 217|0x00000006cf100000, 0x00000006cf100000, 0x00000006cf200000|  0%| F|  |TAMS 0x00000006cf100000, 0x00000006cf100000| Untracked 
| 218|0x00000006cf200000, 0x00000006cf200000, 0x00000006cf300000|  0%| F|  |TAMS 0x00000006cf200000, 0x00000006cf200000| Untracked 
| 219|0x00000006cf300000, 0x00000006cf300000, 0x00000006cf400000|  0%| F|  |TAMS 0x00000006cf300000, 0x00000006cf300000| Untracked 
| 220|0x00000006cf400000, 0x00000006cf400000, 0x00000006cf500000|  0%| F|  |TAMS 0x00000006cf400000, 0x00000006cf400000| Untracked 
| 221|0x00000006cf500000, 0x00000006cf500000, 0x00000006cf600000|  0%| F|  |TAMS 0x00000006cf500000, 0x00000006cf500000| Untracked 
| 222|0x00000006cf600000, 0x00000006cf600000, 0x00000006cf700000|  0%| F|  |TAMS 0x00000006cf600000, 0x00000006cf600000| Untracked 
| 223|0x00000006cf700000, 0x00000006cf700000, 0x00000006cf800000|  0%| F|  |TAMS 0x00000006cf700000, 0x00000006cf700000| Untracked 
| 224|0x00000006cf800000, 0x00000006cf800000, 0x00000006cf900000|  0%| F|  |TAMS 0x00000006cf800000, 0x00000006cf800000| Untracked 
| 225|0x00000006cf900000, 0x00000006cf900000, 0x00000006cfa00000|  0%| F|  |TAMS 0x00000006cf900000, 0x00000006cf900000| Untracked 
| 226|0x00000006cfa00000, 0x00000006cfa00000, 0x00000006cfb00000|  0%| F|  |TAMS 0x00000006cfa00000, 0x00000006cfa00000| Untracked 
| 227|0x00000006cfb00000, 0x00000006cfb00000, 0x00000006cfc00000|  0%| F|  |TAMS 0x00000006cfb00000, 0x00000006cfb00000| Untracked 
| 228|0x00000006cfc00000, 0x00000006cfc00000, 0x00000006cfd00000|  0%| F|  |TAMS 0x00000006cfc00000, 0x00000006cfc00000| Untracked 
| 229|0x00000006cfd00000, 0x00000006cfd00000, 0x00000006cfe00000|  0%| F|  |TAMS 0x00000006cfd00000, 0x00000006cfd00000| Untracked 
| 230|0x00000006cfe00000, 0x00000006cfe00000, 0x00000006cff00000|  0%| F|  |TAMS 0x00000006cfe00000, 0x00000006cfe00000| Untracked 
| 231|0x00000006cff00000, 0x00000006cff00000, 0x00000006d0000000|  0%| F|  |TAMS 0x00000006cff00000, 0x00000006cff00000| Untracked 
| 232|0x00000006d0000000, 0x00000006d0000000, 0x00000006d0100000|  0%| F|  |TAMS 0x00000006d0000000, 0x00000006d0000000| Untracked 
| 233|0x00000006d0100000, 0x00000006d0100000, 0x00000006d0200000|  0%| F|  |TAMS 0x00000006d0100000, 0x00000006d0100000| Untracked 
| 234|0x00000006d0200000, 0x00000006d0200000, 0x00000006d0300000|  0%| F|  |TAMS 0x00000006d0200000, 0x00000006d0200000| Untracked 
| 235|0x00000006d0300000, 0x00000006d03f8db8, 0x00000006d0400000| 97%| E|  |TAMS 0x00000006d0300000, 0x00000006d0300000| Complete 
| 236|0x00000006d0400000, 0x00000006d0500000, 0x00000006d0500000|100%| E|CS|TAMS 0x00000006d0400000, 0x00000006d0400000| Complete 
| 237|0x00000006d0500000, 0x00000006d0600000, 0x00000006d0600000|100%| E|  |TAMS 0x00000006d0500000, 0x00000006d0500000| Complete 
| 238|0x00000006d0600000, 0x00000006d0700000, 0x00000006d0700000|100%| E|CS|TAMS 0x00000006d0600000, 0x00000006d0600000| Complete 
| 239|0x00000006d0700000, 0x00000006d0800000, 0x00000006d0800000|100%| E|CS|TAMS 0x00000006d0700000, 0x00000006d0700000| Complete 
| 240|0x00000006d0800000, 0x00000006d0900000, 0x00000006d0900000|100%| E|CS|TAMS 0x00000006d0800000, 0x00000006d0800000| Complete 
| 241|0x00000006d0900000, 0x00000006d0a00000, 0x00000006d0a00000|100%| E|CS|TAMS 0x00000006d0900000, 0x00000006d0900000| Complete 
| 242|0x00000006d0a00000, 0x00000006d0b00000, 0x00000006d0b00000|100%| E|CS|TAMS 0x00000006d0a00000, 0x00000006d0a00000| Complete 
| 243|0x00000006d0b00000, 0x00000006d0c00000, 0x00000006d0c00000|100%| E|CS|TAMS 0x00000006d0b00000, 0x00000006d0b00000| Complete 
| 244|0x00000006d0c00000, 0x00000006d0d00000, 0x00000006d0d00000|100%| E|CS|TAMS 0x00000006d0c00000, 0x00000006d0c00000| Complete 
| 245|0x00000006d0d00000, 0x00000006d0e00000, 0x00000006d0e00000|100%| E|CS|TAMS 0x00000006d0d00000, 0x00000006d0d00000| Complete 
| 246|0x00000006d0e00000, 0x00000006d0f00000, 0x00000006d0f00000|100%| E|CS|TAMS 0x00000006d0e00000, 0x00000006d0e00000| Complete 
| 247|0x00000006d0f00000, 0x00000006d1000000, 0x00000006d1000000|100%| E|CS|TAMS 0x00000006d0f00000, 0x00000006d0f00000| Complete 
| 248|0x00000006d1000000, 0x00000006d1100000, 0x00000006d1100000|100%| E|CS|TAMS 0x00000006d1000000, 0x00000006d1000000| Complete 
| 249|0x00000006d1100000, 0x00000006d1200000, 0x00000006d1200000|100%| E|CS|TAMS 0x00000006d1100000, 0x00000006d1100000| Complete 
| 250|0x00000006d1200000, 0x00000006d1300000, 0x00000006d1300000|100%| E|CS|TAMS 0x00000006d1200000, 0x00000006d1200000| Complete 
| 251|0x00000006d1300000, 0x00000006d1400000, 0x00000006d1400000|100%| E|CS|TAMS 0x00000006d1300000, 0x00000006d1300000| Complete 
| 252|0x00000006d1400000, 0x00000006d1500000, 0x00000006d1500000|100%| E|CS|TAMS 0x00000006d1400000, 0x00000006d1400000| Complete 
| 253|0x00000006d1500000, 0x00000006d1600000, 0x00000006d1600000|100%| E|CS|TAMS 0x00000006d1500000, 0x00000006d1500000| Complete 
| 254|0x00000006d1600000, 0x00000006d1700000, 0x00000006d1700000|100%| E|CS|TAMS 0x00000006d1600000, 0x00000006d1600000| Complete 
| 255|0x00000006d1700000, 0x00000006d1800000, 0x00000006d1800000|100%| E|CS|TAMS 0x00000006d1700000, 0x00000006d1700000| Complete 

Card table byte_map: [0x000001876a720000,0x000001876af20000] _byte_map_base: 0x0000018767114000

Marking Bits (Prev, Next): (CMBitMap*) 0x0000018753018ab8, (CMBitMap*) 0x0000018753018af0
 Prev Bits: [0x000001876b720000, 0x000001876f6c0000)
 Next Bits: [0x000001876f6c0000, 0x0000018773660000)

Polling page: 0x0000018750f00000

Metaspace:

Usage:
  Non-class:      9.54 MB capacity,     9.37 MB ( 98%) used,   149.77 KB (  2%) free+waste,    30.75 KB ( <1%) overhead. 
      Class:      1.25 MB capacity,     1.11 MB ( 89%) used,   126.08 KB ( 10%) free+waste,    16.94 KB (  1%) overhead. 
       Both:     10.79 MB capacity,    10.48 MB ( 97%) used,   275.84 KB (  2%) free+waste,    47.69 KB ( <1%) overhead. 

Virtual space:
  Non-class space:       10.00 MB reserved,       9.75 MB ( 98%) committed 
      Class space:        1.00 GB reserved,       1.38 MB ( <1%) committed 
             Both:        1.01 GB reserved,      11.12 MB (  1%) committed 

Chunk freelists:
   Non-Class:  2.62 KB
       Class:  3.75 KB
        Both:  6.38 KB

CodeHeap 'non-profiled nmethods': size=119168Kb used=410Kb max_used=410Kb free=118757Kb
 bounds [0x0000018762240000, 0x00000187624b0000, 0x00000187696a0000]
CodeHeap 'profiled nmethods': size=119168Kb used=1672Kb max_used=1672Kb free=117495Kb
 bounds [0x000001875ade0000, 0x000001875b050000, 0x0000018762240000]
CodeHeap 'non-nmethods': size=7424Kb used=2835Kb max_used=2848Kb free=4588Kb
 bounds [0x000001875a6a0000, 0x000001875a970000, 0x000001875ade0000]
 total_blobs=1512 nmethods=1026 adapters=395
 compilation: enabled
              stopped_count=0, restarted_count=0
 full_count=0

Compilation events (10 events):
Event: 0.575 Thread 0x0000018777316800 nmethod 1022 0x000001875af7e210 code [0x000001875af7e3c0, 0x000001875af7e588]
Event: 0.575 Thread 0x0000018777316800 1024   !   3       java.util.zip.ZipFile$Source::readAt (39 bytes)
Event: 0.575 Thread 0x0000018777317800 nmethod 1020 0x000001875af7e690 code [0x000001875af7e860, 0x000001875af7ebe8]
Event: 0.575 Thread 0x0000018777316800 nmethod 1024 0x000001875af7ed90 code [0x000001875af7ef80, 0x000001875af7f4e8]
Event: 0.575 Thread 0x00000187770d3000 nmethod 1021 0x000001875af7f810 code [0x000001875af7fa20, 0x000001875af80158]
Event: 0.575 Thread 0x00000187772bb800 nmethod 1023 0x000001875af80510 code [0x000001875af80740, 0x000001875af80ec8]
Event: 0.576 Thread 0x0000018777317800 1025       3       sun.invoke.util.VerifyAccess::isTypeVisible (47 bytes)
Event: 0.576 Thread 0x00000187770d3000 1026       3       java.lang.invoke.TypeConvertingMethodAdapter::cast (42 bytes)
Event: 0.577 Thread 0x0000018777317800 nmethod 1025 0x000001875af81210 code [0x000001875af813e0, 0x000001875af817d8]
Event: 0.577 Thread 0x00000187770d3000 nmethod 1026 0x000001875af81a10 code [0x000001875af81c00, 0x000001875af82068]

GC Heap History (0 events):
No events

Deoptimization events (10 events):
Event: 0.209 Thread 0x0000018752fb5000 Uncommon trap: reason=unstable_if action=reinterpret pc=0x0000018762264608 method=java.util.HashMap.putVal(ILjava/lang/Object;Ljava/lang/Object;ZZ)Ljava/lang/Object; @ 81 c2
Event: 0.216 Thread 0x0000018752fb5000 Uncommon trap: reason=unstable_if action=reinterpret pc=0x0000018762268230 method=java.util.HashMap.putVal(ILjava/lang/Object;Ljava/lang/Object;ZZ)Ljava/lang/Object; @ 81 c2
Event: 0.219 Thread 0x0000018752fb5000 Uncommon trap: reason=unstable_if action=reinterpret pc=0x0000018762243af4 method=java.lang.String.isLatin1()Z @ 10 c2
Event: 0.256 Thread 0x0000018752fb5000 Uncommon trap: reason=bimorphic_or_optimized_type_check action=maybe_recompile pc=0x0000018762269c94 method=java.util.AbstractCollection.isEmpty()Z @ 1 c2
Event: 0.256 Thread 0x0000018752fb5000 Uncommon trap: reason=bimorphic_or_optimized_type_check action=maybe_recompile pc=0x0000018762269c94 method=java.util.AbstractCollection.isEmpty()Z @ 1 c2
Event: 0.257 Thread 0x0000018752fb5000 Uncommon trap: reason=bimorphic_or_optimized_type_check action=maybe_recompile pc=0x0000018762269c94 method=java.util.AbstractCollection.isEmpty()Z @ 1 c2
Event: 0.257 Thread 0x0000018752fb5000 Uncommon trap: reason=bimorphic_or_optimized_type_check action=maybe_recompile pc=0x0000018762269c94 method=java.util.AbstractCollection.isEmpty()Z @ 1 c2
Event: 0.279 Thread 0x0000018752fb5000 Uncommon trap: reason=unstable_if action=reinterpret pc=0x000001876225dca0 method=java.lang.String.startsWith(Ljava/lang/String;I)Z @ 14 c2
Event: 0.367 Thread 0x0000018777df4000 Uncommon trap: reason=loop_limit_check action=maybe_recompile pc=0x000001876228ec14 method=java.lang.invoke.LambdaForm$Name.useCount(Ljava/lang/invoke/LambdaForm$Name;)I @ 21 c2
Event: 0.568 Thread 0x0000018778412800 Uncommon trap: reason=unstable_fused_if action=reinterpret pc=0x0000018762293470 method=jdk.internal.org.objectweb.asm.Frame.execute(IILjdk/internal/org/objectweb/asm/ClassWriter;Ljdk/internal/org/objectweb/asm/Item;)V @ 1 c2

Classes redefined (0 events):
No events

Internal exceptions (10 events):
Event: 0.262 Thread 0x0000018752fb5000 Exception <a 'java/lang/NoSuchMethodError'{0x00000006d0d1d518}: java.lang.invoke.DirectMethodHandle$Holder.invokeStatic(Ljava/lang/Object;Ljava/lang/Object;Ljava/lang/Object;Ljava/lang/Object;Ljava/lang/Object;Ljava/lang/Object;Ljava/lang/Object;Ljava/lan
Event: 0.264 Thread 0x0000018752fb5000 Exception <a 'java/lang/NoSuchMethodError'{0x00000006d0d38810}: java.lang.invoke.DirectMethodHandle$Holder.invokeStatic(Ljava/lang/Object;Ljava/lang/Object;Ljava/lang/Object;Ljava/lang/Object;Ljava/lang/Object;Ljava/lang/Object;Ljava/lang/Object;Ljava/lan
Event: 0.267 Thread 0x0000018752fb5000 Exception <a 'java/lang/NoSuchMethodError'{0x00000006d0d53bf0}: java.lang.invoke.DirectMethodHandle$Holder.invokeStatic(Ljava/lang/Object;Ljava/lang/Object;Ljava/lang/Object;Ljava/lang/Object;Ljava/lang/Object;Ljava/lang/Object;Ljava/lang/Object;Ljava/lan
Event: 0.441 Thread 0x0000018752fb5000 Exception <a 'java/lang/NoSuchMethodError'{0x00000006d0a5d580}: java.lang.invoke.DirectMethodHandle$Holder.invokeStaticInit(Ljava/lang/Object;Ljava/lang/Object;Ljava/lang/Object;)I> (0x00000006d0a5d580) thrown at [./open/src/hotspot/share/interpreter/link
Event: 0.442 Thread 0x0000018752fb5000 Exception <a 'java/lang/NoSuchMethodError'{0x00000006d0a68ea8}: java.lang.invoke.DirectMethodHandle$Holder.invokeSpecial(Ljava/lang/Object;Ljava/lang/Object;)V> (0x00000006d0a68ea8) thrown at [./open/src/hotspot/share/interpreter/linkResolver.cpp, line 77
Event: 0.457 Thread 0x0000018752fb5000 Exception <a 'java/lang/NoSuchMethodError'{0x00000006d0817b10}: java.lang.invoke.DirectMethodHandle$Holder.invokeStatic(Ljava/lang/Object;Ljava/lang/Object;ILjava/lang/Object;)Ljava/lang/Object;> (0x00000006d0817b10) thrown at [./open/src/hotspot/share/in
Event: 0.457 Thread 0x0000018752fb5000 Exception <a 'java/lang/NoSuchMethodError'{0x00000006d081e5e0}: java.lang.invoke.Invokers$Holder.linkToTargetMethod(Ljava/lang/Object;ILjava/lang/Object;Ljava/lang/Object;)Ljava/lang/Object;> (0x00000006d081e5e0) thrown at [./open/src/hotspot/share/interp
Event: 0.530 Thread 0x0000018778412800 Exception <a 'java/lang/NoSuchMethodError'{0x00000006d0508690}: java.lang.invoke.DirectMethodHandle$Holder.invokeStaticInit(Ljava/lang/Object;)V> (0x00000006d0508690) thrown at [./open/src/hotspot/share/interpreter/linkResolver.cpp, line 772]
Event: 0.532 Thread 0x0000018752fb5000 Exception <a 'java/lang/NoSuchMethodError'{0x00000006d082e320}: java.lang.invoke.Invokers$Holder.linkToTargetMethod(Ljava/lang/Object;Ljava/lang/Object;Ljava/lang/Object;Ljava/lang/Object;Ljava/lang/Object;Ljava/lang/Object;)Ljava/lang/Object;> (0x0000000
Event: 0.577 Thread 0x0000018778412800 Exception <a 'java/lang/ExceptionInInitializerError'{0x00000006d03e03d0}> (0x00000006d03e03d0) thrown at [./open/src/hotspot/share/oops/instanceKlass.cpp, line 1078]

Events (10 events):
Event: 0.572 loading class java/nio/HeapCharBuffer
Event: 0.572 loading class java/nio/HeapCharBuffer done
Event: 0.572 loading class java/nio/charset/CoderResult
Event: 0.572 loading class java/nio/charset/CoderResult done
Event: 0.576 loading class java/net/URISyntaxException
Event: 0.576 loading class java/net/URISyntaxException done
Event: 0.577 loading class java/lang/Package$VersionInfo
Event: 0.577 loading class java/lang/Package$VersionInfo done
Event: 0.577 loading class java/lang/ExceptionInInitializerError
Event: 0.577 loading class java/lang/ExceptionInInitializerError done


Dynamic libraries:
0x00007ff76f1f0000 - 0x00007ff76f200000 	C:\Program Files\Java\jdk-11\bin\java.exe
0x00007fff9cd30000 - 0x00007fff9cf47000 	C:\Windows\SYSTEM32\ntdll.dll
0x00007fff9b110000 - 0x00007fff9b1d4000 	C:\Windows\System32\KERNEL32.DLL
0x00007fff9a650000 - 0x00007fff9a9fc000 	C:\Windows\System32\KERNELBASE.dll
0x00007fff9a500000 - 0x00007fff9a611000 	C:\Windows\System32\ucrtbase.dll
0x00007fff7b5b0000 - 0x00007fff7b5c9000 	C:\Program Files\Java\jdk-11\bin\jli.dll
0x00007fff78ba0000 - 0x00007fff78bbb000 	C:\Program Files\Java\jdk-11\bin\VCRUNTIME140.dll
0x00007fff9c400000 - 0x00007fff9c4b2000 	C:\Windows\System32\ADVAPI32.dll
0x00007fff9aa70000 - 0x00007fff9ab17000 	C:\Windows\System32\msvcrt.dll
0x00007fff9c5a0000 - 0x00007fff9c64a000 	C:\Windows\System32\sechost.dll
0x00007fff9a620000 - 0x00007fff9a648000 	C:\Windows\System32\bcrypt.dll
0x00007fff9c100000 - 0x00007fff9c215000 	C:\Windows\System32\RPCRT4.dll
0x00007fff9bcf0000 - 0x00007fff9be9e000 	C:\Windows\System32\USER32.dll
0x00007fff9a4d0000 - 0x00007fff9a4f6000 	C:\Windows\System32\win32u.dll
0x00007fff86260000 - 0x00007fff864f3000 	C:\Windows\WinSxS\amd64_microsoft.windows.common-controls_6595b64144ccf1df_6.0.22621.3672_none_2713b9d173822955\COMCTL32.dll
0x00007fff9b0d0000 - 0x00007fff9b0f9000 	C:\Windows\System32\GDI32.dll
0x00007fff9a3b0000 - 0x00007fff9a4c9000 	C:\Windows\System32\gdi32full.dll
0x00007fff9a0e0000 - 0x00007fff9a17a000 	C:\Windows\System32\msvcp_win.dll
0x00007fff960a0000 - 0x00007fff960aa000 	C:\Windows\SYSTEM32\VERSION.dll
0x00007fff9c230000 - 0x00007fff9c261000 	C:\Windows\System32\IMM32.DLL
0x00007fff7f250000 - 0x00007fff7f25c000 	C:\Program Files\Java\jdk-11\bin\vcruntime140_1.dll
0x00007fff674b0000 - 0x00007fff6753e000 	C:\Program Files\Java\jdk-11\bin\msvcp140.dll
0x00007fff34ec0000 - 0x00007fff35a2e000 	C:\Program Files\Java\jdk-11\bin\server\jvm.dll
0x00007fff9b100000 - 0x00007fff9b108000 	C:\Windows\System32\PSAPI.DLL
0x00007fff85370000 - 0x00007fff85379000 	C:\Windows\SYSTEM32\WSOCK32.dll
0x00007fff91e90000 - 0x00007fff91ec4000 	C:\Windows\SYSTEM32\WINMM.dll
0x00007fff9b050000 - 0x00007fff9b0c1000 	C:\Windows\System32\WS2_32.dll
0x00007fff99090000 - 0x00007fff990a8000 	C:\Windows\SYSTEM32\kernel.appcore.dll
0x00007fff7e460000 - 0x00007fff7e470000 	C:\Program Files\Java\jdk-11\bin\verify.dll
0x00007fff97880000 - 0x00007fff97ab2000 	C:\Windows\SYSTEM32\DBGHELP.DLL
0x00007fff9c880000 - 0x00007fff9cc08000 	C:\Windows\System32\combase.dll
0x00007fff9c4c0000 - 0x00007fff9c597000 	C:\Windows\System32\OLEAUT32.dll
0x00007fff7bfb0000 - 0x00007fff7bfe2000 	C:\Windows\SYSTEM32\dbgcore.DLL
0x00007fff9a060000 - 0x00007fff9a0db000 	C:\Windows\System32\bcryptPrimitives.dll
0x00007fff78980000 - 0x00007fff789a8000 	C:\Program Files\Java\jdk-11\bin\java.dll
0x00007fff7e0b0000 - 0x00007fff7e0ba000 	C:\Program Files\Java\jdk-11\bin\jimage.dll
0x00007fff73560000 - 0x00007fff73577000 	C:\Program Files\Java\jdk-11\bin\zip.dll
0x00007fff9b400000 - 0x00007fff9bc5c000 	C:\Windows\System32\SHELL32.dll
0x00007fff97f80000 - 0x00007fff98877000 	C:\Windows\SYSTEM32\windows.storage.dll
0x00007fff97ac0000 - 0x00007fff97bff000 	C:\Windows\SYSTEM32\wintypes.dll
0x00007fff9c000000 - 0x00007fff9c0f4000 	C:\Windows\System32\SHCORE.dll
0x00007fff9c3a0000 - 0x00007fff9c3fe000 	C:\Windows\System32\shlwapi.dll
0x00007fff99f90000 - 0x00007fff99fb1000 	C:\Windows\SYSTEM32\profapi.dll
0x00007fff72b40000 - 0x00007fff72b59000 	C:\Program Files\Java\jdk-11\bin\net.dll
0x00007fff95dc0000 - 0x00007fff95ef6000 	C:\Windows\SYSTEM32\WINHTTP.dll
0x00007fff995a0000 - 0x00007fff99609000 	C:\Windows\system32\mswsock.dll
0x00007fff72570000 - 0x00007fff72582000 	C:\Program Files\Java\jdk-11\bin\nio.dll
0x0000018750f40000 - 0x0000018750f43000 	C:\javafx-sdk-17.0.11\bin\api-ms-win-core-console-l1-1-0.dll
0x0000018750f50000 - 0x0000018750f53000 	C:\javafx-sdk-17.0.11\bin\api-ms-win-core-console-l1-2-0.dll
0x0000018750f60000 - 0x0000018750f63000 	C:\javafx-sdk-17.0.11\bin\api-ms-win-core-datetime-l1-1-0.dll
0x0000018750f70000 - 0x0000018750f73000 	C:\javafx-sdk-17.0.11\bin\api-ms-win-core-debug-l1-1-0.dll
0x0000018750f80000 - 0x0000018750f83000 	C:\javafx-sdk-17.0.11\bin\api-ms-win-core-errorhandling-l1-1-0.dll
0x0000018750f90000 - 0x0000018750f94000 	C:\javafx-sdk-17.0.11\bin\api-ms-win-core-file-l1-1-0.dll
0x0000018750fa0000 - 0x0000018750fa3000 	C:\javafx-sdk-17.0.11\bin\api-ms-win-core-file-l1-2-0.dll
0x0000018750fb0000 - 0x0000018750fb3000 	C:\javafx-sdk-17.0.11\bin\api-ms-win-core-file-l2-1-0.dll
0x0000018750fc0000 - 0x0000018750fc3000 	C:\javafx-sdk-17.0.11\bin\api-ms-win-core-handle-l1-1-0.dll
0x0000018752eb0000 - 0x0000018752eb3000 	C:\javafx-sdk-17.0.11\bin\api-ms-win-core-heap-l1-1-0.dll
0x0000018752ec0000 - 0x0000018752ec3000 	C:\javafx-sdk-17.0.11\bin\api-ms-win-core-interlocked-l1-1-0.dll
0x0000018752ed0000 - 0x0000018752ed3000 	C:\javafx-sdk-17.0.11\bin\api-ms-win-core-libraryloader-l1-1-0.dll
0x0000018752ee0000 - 0x0000018752ee3000 	C:\javafx-sdk-17.0.11\bin\api-ms-win-core-localization-l1-2-0.dll
0x0000018752ef0000 - 0x0000018752ef3000 	C:\javafx-sdk-17.0.11\bin\api-ms-win-core-memory-l1-1-0.dll
0x0000018752f00000 - 0x0000018752f03000 	C:\javafx-sdk-17.0.11\bin\api-ms-win-core-namedpipe-l1-1-0.dll
0x0000018752f10000 - 0x0000018752f13000 	C:\javafx-sdk-17.0.11\bin\api-ms-win-core-processenvironment-l1-1-0.dll
0x0000018752f20000 - 0x0000018752f23000 	C:\javafx-sdk-17.0.11\bin\api-ms-win-core-processthreads-l1-1-0.dll
0x0000018752f30000 - 0x0000018752f33000 	C:\javafx-sdk-17.0.11\bin\api-ms-win-core-processthreads-l1-1-1.dll
0x0000018752f40000 - 0x0000018752f43000 	C:\javafx-sdk-17.0.11\bin\api-ms-win-core-profile-l1-1-0.dll
0x0000018752f50000 - 0x0000018752f53000 	C:\javafx-sdk-17.0.11\bin\api-ms-win-core-rtlsupport-l1-1-0.dll
0x0000018752f60000 - 0x0000018752f63000 	C:\javafx-sdk-17.0.11\bin\api-ms-win-core-string-l1-1-0.dll
0x0000018752f70000 - 0x0000018752f73000 	C:\javafx-sdk-17.0.11\bin\api-ms-win-core-synch-l1-1-0.dll
0x0000018779c60000 - 0x0000018779c63000 	C:\javafx-sdk-17.0.11\bin\api-ms-win-core-synch-l1-2-0.dll
0x0000018779c70000 - 0x0000018779c73000 	C:\javafx-sdk-17.0.11\bin\api-ms-win-core-sysinfo-l1-1-0.dll
0x0000018779c80000 - 0x0000018779c83000 	C:\javafx-sdk-17.0.11\bin\api-ms-win-core-timezone-l1-1-0.dll
0x0000018779c90000 - 0x0000018779c93000 	C:\javafx-sdk-17.0.11\bin\api-ms-win-core-util-l1-1-0.dll
0x0000018779ca0000 - 0x0000018779ca3000 	C:\javafx-sdk-17.0.11\bin\api-ms-win-crt-conio-l1-1-0.dll
0x0000018779cb0000 - 0x0000018779cb4000 	C:\javafx-sdk-17.0.11\bin\api-ms-win-crt-convert-l1-1-0.dll
0x0000018779cc0000 - 0x0000018779cc3000 	C:\javafx-sdk-17.0.11\bin\api-ms-win-crt-environment-l1-1-0.dll
0x0000018779cd0000 - 0x0000018779cd3000 	C:\javafx-sdk-17.0.11\bin\api-ms-win-crt-filesystem-l1-1-0.dll
0x0000018779ce0000 - 0x0000018779ce3000 	C:\javafx-sdk-17.0.11\bin\api-ms-win-crt-heap-l1-1-0.dll
0x0000018779cf0000 - 0x0000018779cf3000 	C:\javafx-sdk-17.0.11\bin\api-ms-win-crt-locale-l1-1-0.dll
0x0000018779d00000 - 0x0000018779d05000 	C:\javafx-sdk-17.0.11\bin\api-ms-win-crt-math-l1-1-0.dll
0x0000018779d10000 - 0x0000018779d15000 	C:\javafx-sdk-17.0.11\bin\api-ms-win-crt-multibyte-l1-1-0.dll
0x0000018779d20000 - 0x0000018779d30000 	C:\javafx-sdk-17.0.11\bin\api-ms-win-crt-private-l1-1-0.dll
0x0000018779d30000 - 0x0000018779d33000 	C:\javafx-sdk-17.0.11\bin\api-ms-win-crt-process-l1-1-0.dll
0x0000018779d40000 - 0x0000018779d44000 	C:\javafx-sdk-17.0.11\bin\api-ms-win-crt-runtime-l1-1-0.dll
0x0000018779d50000 - 0x0000018779d54000 	C:\javafx-sdk-17.0.11\bin\api-ms-win-crt-stdio-l1-1-0.dll
0x0000018779d60000 - 0x0000018779d64000 	C:\javafx-sdk-17.0.11\bin\api-ms-win-crt-string-l1-1-0.dll
0x0000018779d70000 - 0x0000018779d73000 	C:\javafx-sdk-17.0.11\bin\api-ms-win-crt-time-l1-1-0.dll
0x0000018779d80000 - 0x0000018779d83000 	C:\javafx-sdk-17.0.11\bin\api-ms-win-crt-utility-l1-1-0.dll
0x00007fff4a9a0000 - 0x00007fff4aa9c000 	C:\javafx-sdk-17.0.11\bin\ucrtbase.dll
0x00007fff67490000 - 0x00007fff674ab000 	C:\javafx-sdk-17.0.11\bin\vcruntime140.dll
0x00007fff7c720000 - 0x00007fff7c72c000 	C:\javafx-sdk-17.0.11\bin\vcruntime140_1.dll
0x00007fff4ea00000 - 0x00007fff4ea8e000 	C:\javafx-sdk-17.0.11\bin\msvcp140.dll
0x00007fff9c670000 - 0x00007fff9c815000 	C:\Windows\System32\ole32.dll
0x00007fff7c6f0000 - 0x00007fff7c6f9000 	C:\javafx-sdk-17.0.11\bin\msvcp140_1.dll
0x00007fff62770000 - 0x00007fff6279f000 	C:\javafx-sdk-17.0.11\bin\msvcp140_2.dll
0x00007fff5fdb0000 - 0x00007fff5fdda000 	C:\javafx-sdk-17.0.11\bin\prism_d3d.dll
0x00007fff78460000 - 0x00007fff78608000 	C:\Windows\system32\d3d9.dll
0x00007fff96a40000 - 0x00007fff96a6b000 	C:\Windows\SYSTEM32\dwmapi.dll
0x00007fff96d50000 - 0x00007fff96d89000 	C:\Windows\SYSTEM32\dxcore.dll
0x00007fff96670000 - 0x00007fff9671a000 	C:\Windows\system32\uxtheme.dll
0x00007fff8a040000 - 0x00007fff8a101000 	C:\Windows\System32\DriverStore\FileRepository\nv_dispi.inf_amd64_cc569e59ca39c5fe\nvldumdx.dll
0x00007fff99cf0000 - 0x00007fff99d02000 	C:\Windows\SYSTEM32\msasn1.dll
0x00007fff941d0000 - 0x00007fff94202000 	C:\Windows\SYSTEM32\cryptnet.dll
0x00007fff9a180000 - 0x00007fff9a2e7000 	C:\Windows\System32\CRYPT32.dll
0x00007fff99870000 - 0x00007fff9987c000 	C:\Windows\SYSTEM32\cryptbase.dll
0x00007fff99900000 - 0x00007fff99949000 	C:\Windows\SYSTEM32\wldp.dll
0x00007fff93e00000 - 0x00007fff93f58000 	C:\Windows\SYSTEM32\drvstore.dll
0x00007fff99d10000 - 0x00007fff99d3c000 	C:\Windows\SYSTEM32\devobj.dll
0x00007fff99d40000 - 0x00007fff99d8e000 	C:\Windows\SYSTEM32\cfgmgr32.dll
0x00007fff9aa00000 - 0x00007fff9aa6b000 	C:\Windows\System32\wintrust.dll
0x00007fff9c650000 - 0x00007fff9c66f000 	C:\Windows\System32\imagehlp.dll
0x00007fff99850000 - 0x00007fff9986b000 	C:\Windows\SYSTEM32\CRYPTSP.dll
0x00007fff98ff0000 - 0x00007fff99025000 	C:\Windows\system32\rsaenh.dll
0x00007fff866f0000 - 0x00007fff8851f000 	C:\Windows\System32\DriverStore\FileRepository\nv_dispi.inf_amd64_cc569e59ca39c5fe\nvgpucomp64.dll
0x00007ffee0f20000 - 0x00007ffee2f63000 	C:\Windows\System32\DriverStore\FileRepository\nv_dispi.inf_amd64_cc569e59ca39c5fe\nvd3dumx.dll
0x00007fff935b0000 - 0x00007fff935f9000 	C:\Windows\SYSTEM32\directxdatabasehelper.dll
0x00007fff4fe20000 - 0x00007fff4fe62000 	C:\javafx-sdk-17.0.11\bin\glass.dll
0x00007fff9c270000 - 0x00007fff9c366000 	C:\Windows\System32\COMDLG32.dll
0x00007fff9bea0000 - 0x00007fff9bff3000 	C:\Windows\System32\MSCTF.dll
0x00007fff55b80000 - 0x00007fff55e50000 	C:\Windows\system32\nvspcap64.dll
0x00007fff990b0000 - 0x00007fff990e4000 	C:\Windows\SYSTEM32\ntmarta.dll
0x00007fff4e8e0000 - 0x00007fff4e943000 	D:\libusb4java.dll

dbghelp: loaded successfully - version: 4.0.5 - missing functions: none
symbol engine: initialized successfully - sym options: 0x614 - pdb path: .;C:\Program Files\Java\jdk-11\bin;C:\Windows\SYSTEM32;C:\Windows\WinSxS\amd64_microsoft.windows.common-controls_6595b64144ccf1df_6.0.22621.3672_none_2713b9d173822955;C:\Program Files\Java\jdk-11\bin\server;C:\javafx-sdk-17.0.11\bin;C:\Windows\System32\DriverStore\FileRepository\nv_dispi.inf_amd64_cc569e59ca39c5fe;D:

VM Arguments:
jvm_args: -Djava.library.path=C:\Users\BOB\.gradle\caches\modules-2\files-2.1\org.usb4java\libusb4java\1.3.0\8cd521a203404d65f4bc59c2a8a38eb4dcd302da --add-modules=javafx.controls,javafx.fxml --module-path=D:\chalanges\MusicAppV2\MusicApp\build\libs\MusicApp-1.0-SNAPSHOT.jar;C:\javafx-sdk-17.0.11\lib\javafx.base.jar;C:\javafx-sdk-17.0.11\lib\javafx.graphics.jar;C:\javafx-sdk-17.0.11\lib\javafx.controls.jar;C:\javafx-sdk-17.0.11\lib\javafx.fxml.jar;C:\Users\BOB\.gradle\caches\modules-2\files-2.1\org.kordamp.ikonli\ikonli-javafx\12.3.1\6df78c8f23f4509f88b8e05c32da64b7dc494356\ikonli-javafx-12.3.1.jar;C:\Users\BOB\.gradle\caches\modules-2\files-2.1\com.mpatric\mp3agic\0.9.1\235fe1d4a3da33a57e23166a2527a23310852c3f\mp3agic-0.9.1.jar;C:\Users\BOB\.gradle\caches\modules-2\files-2.1\org.usb4java\usb4java\1.3.0\2d5487fdf303642d480b199a9da0c5a0d2bb0e82\usb4java-1.3.0.jar;C:\Users\BOB\.gradle\caches\modules-2\files-2.1\org.usb4java\libusb4java\1.3.0\7abf7240bcd7c26cb1ea5265eec5e6d703b71b4e\libusb4java-1.3.0-linux-x86.jar;C:\Users\BOB\.gradle\caches\modules-2\files-2.1\org.usb4java\libusb4java\1.3.0\9514c818fc97f831277873f082dcefd5394045e4\libusb4java-1.3.0-linux-x86-64.jar;C:\Users\BOB\.gradle\caches\modules-2\files-2.1\org.usb4java\libusb4java\1.3.0\9cb97c4b8317d8dae0401f80438fde5bfd910b2c\libusb4java-1.3.0-win32-x86.jar;C:\Users\BOB\.gradle\caches\modules-2\files-2.1\org.usb4java\libusb4java\1.3.0\8cd521a203404d65f4bc59c2a8a38eb4dcd302da\libusb4java-1.3.0-win32-x86-64.jar;C:\Users\BOB\.gradle\caches\modules-2\files-2.1\org.usb4java\libusb4java\1.3.0\1fdaa8ec7cfad158be58fbc8e2867d05f2b5fe63\libusb4java-1.3.0-darwin-x86-64.jar;C:\Users\BOB\.gradle\caches\modules-2\files-2.1\org.usb4java\libusb4java\1.3.0\504de50cc979b1f19b76ba1154d298632ff1be4e\libusb4java-1.3.0-linux-arm.jar;C:\Users\BOB\.gradle\caches\modules-2\files-2.1\org.usb4java\libusb4java\1.3.0\bb5924dfb86c27ca5d91ccc975c11da2caa3c82d\libusb4java-1.3.0-linux-aarch64.jar;C:\Users\BOB\.gradle\caches\modules-2\files-2.1\org.kordamp.ikonli\ikonli-core\12.3.1\50c5658c1a5aeeec30320c6be71274d01f5fb869\ikonli-core-12.3.1.jar;C:\Users\BOB\.gradle\caches\modules-2\files-2.1\org.apache.commons\commons-lang3\3.8.1\6--patch-module=com.example.musicapp=D:\chalanges\MusicAppV2\MusicApp\build\resources\main -Dfile.encoding=windows-1252 -Duser.country=GB -Duser.language=en -Duser.variant -Djdk.module.main=com.example.musicapp 
java_command: com.example.musicapp/com.example.musicapp.App
java_class_path (initial): <not set>
Launcher Type: SUN_STANDARD

[Global flags]
     intx CICompilerCount                          = 12                                        {product} {ergonomic}
     uint ConcGCThreads                            = 3                                         {product} {ergonomic}
     uint G1ConcRefinementThreads                  = 13                                        {product} {ergonomic}
   size_t G1HeapRegionSize                         = 1048576                                   {product} {ergonomic}
    uintx GCDrainStackTargetSize                   = 64                                        {product} {ergonomic}
   size_t InitialHeapSize                          = 268435456                                 {product} {ergonomic}
   size_t MarkStackSize                            = 4194304                                   {product} {ergonomic}
   size_t MaxHeapSize                              = 4269801472                                {product} {ergonomic}
   size_t MaxNewSize                               = 2561671168                                {product} {ergonomic}
   size_t MinHeapDeltaBytes                        = 1048576                                   {product} {ergonomic}
    uintx NonNMethodCodeHeapSize                   = 7594288                                {pd product} {ergonomic}
    uintx NonProfiledCodeHeapSize                  = 122031976                              {pd product} {ergonomic}
    uintx ProfiledCodeHeapSize                     = 122031976                              {pd product} {ergonomic}
    uintx ReservedCodeCacheSize                    = 251658240                              {pd product} {ergonomic}
     bool SegmentedCodeCache                       = true                                      {product} {ergonomic}
     bool UseCompressedClassPointers               = true                                 {lp64_product} {ergonomic}
     bool UseCompressedOops                        = true                                 {lp64_product} {ergonomic}
     bool UseG1GC                                  = true                                      {product} {ergonomic}
     bool UseLargePagesIndividualAllocation        = false                                  {pd product} {ergonomic}

Logging:
Log output configuration:
 #0: stdout all=warning uptime,level,tags
 #1: stderr all=off uptime,level,tags

Environment Variables:
JAVA_HOME=C:\Program Files\Java\jdk-11
PATH=C:\Program Files\Common Files\Oracle\Java\javapath;C:\Program Files\Java\jdk-11\bin;C:\Program Files\Oculus\Support\oculus-runtime;C:\Windows\system32;C:\Windows;C:\Windows\System32\Wbem;C:\Windows\System32\WindowsPowerShell\v1.0\;C:\Windows\System32\OpenSSH\;C:\Program Files\NVIDIA Corporation\NVIDIA NvDLISR;C:\Program Files\dotnet\;C:\Program Files\nodejs\;C:\Program Files\Git\cmd;C:\Program Files (x86)\NVIDIA Corporation\PhysX\Common;C:\Program Files (x86)\dotnet-core-uninstall\;C:\Program Files (x86)\dotnet\;C:\Program Files\Maven\bin;C:\Users\BOB\AppData\Local\Microsoft\WindowsApps;C:\Users\BOB\.dotnet\tools;C:\Users\BOB\AppData\Local\Programs\Microsoft VS Code\bin;C:\Users\BOB\AppData\Roaming\npm;C:\Users\BOB\AppData\Local\GitHubDesktop\bin;C:\Program Files\JetBrains\IntelliJ IDEA Community Edition 2024.1.1\bin;;C:\sqlite;;C:\Users\BOB\AppData\Local\spicetify;C:\Users\BOB\.dotnet\tools
USERNAME=BOB
OS=Windows_NT
PROCESSOR_IDENTIFIER=Intel64 Family 6 Model 165 Stepping 5, GenuineIntel



---------------  S Y S T E M  ---------------

OS: Windows 11 , 64 bit Build 22621 (10.0.22621.3672)

CPU:total 16 (initial active 16) (8 cores per cpu, 2 threads per core) family 6 model 165 stepping 5 microcode 0xe2, cmov, cx8, fxsr, mmx, sse, sse2, sse3, ssse3, sse4.1, sse4.2, popcnt, avx, avx2, aes, clmul, erms, 3dnowpref, lzcnt, ht, tsc, tscinvbit, bmi1, bmi2, adx, fma

Memory: 4k page, system-wide physical 16283M (2548M free)
TotalPageFile size 40859M (AvailPageFile size 11622M)
current process WorkingSet (physical memory assigned to process): 104M, peak: 104M
current process commit charge ("private bytes"): 411M, peak: 411M

vm_info: Java HotSpot(TM) 64-Bit Server VM (11.0.22+9-LTS-219) for windows-amd64 JRE (11.0.22+9-LTS-219), built on Dec 19 2023 22:08:21 by "mach5one" with MS VC++ 17.1 (VS2022)

END.
